2023-12-31 21:49:15,968 - DEBUG - Reading QSS file in: :qdarkstyle\dark\darkstyle.qss
2023-12-31 21:49:15,969 - INFO - QSS file successfully loaded.
2023-12-31 21:49:15,969 - DEBUG - Checking patches for being applied.
2023-12-31 21:49:15,981 - INFO - Found version patches to be applied.
2023-12-31 21:49:15,981 - INFO - Found application patches to be applied.
2023-12-31 21:49:18,941 - DEBUG - fft shifted shape: (250, 350) Original shape: (250, 350)
2023-12-31 21:49:18,948 - INFO - The type is FT Magnitude and its values are: [123.39221465 136.26324648 139.47521982 141.78630663 140.97498647], its shape is: (250, 350)
2023-12-31 21:49:18,952 - DEBUG - fft shifted shape: (250, 350) Original shape: (250, 350)
2023-12-31 21:49:18,959 - INFO - The type is FT Magnitude and its values are: [123.39221465 136.26324648 139.47521982 141.78630663 140.97498647], its shape is: (250, 350)
2023-12-31 21:49:20,633 - DEBUG - fft shifted shape: (250, 350) Original shape: (250, 350)
2023-12-31 21:49:20,640 - INFO - The type is FT Magnitude and its values are: [123.39221465 136.26324648 139.47521982 141.78630663 140.97498647], its shape is: (250, 350)
2023-12-31 21:49:20,644 - DEBUG - fft shifted shape: (250, 350) Original shape: (250, 350)
2023-12-31 21:49:20,652 - INFO - The type is FT Magnitude and its values are: [123.39221465 136.26324648 139.47521982 141.78630663 140.97498647], its shape is: (250, 350)
2023-12-31 21:49:20,655 - DEBUG - fft shifted shape: (250, 350) Original shape: (250, 350)
2023-12-31 21:49:20,662 - INFO - The type is FT Magnitude and its values are: [123.39221465 136.26324648 139.47521982 141.78630663 140.97498647], its shape is: (250, 350)
2023-12-31 21:49:21,911 - DEBUG - fft shifted shape: (250, 350) Original shape: (250, 350)
2023-12-31 21:49:21,917 - INFO - The type is FT Magnitude and its values are: [123.39221465 136.26324648 139.47521982 141.78630663 140.97498647], its shape is: (250, 350)
2023-12-31 21:49:21,920 - DEBUG - fft shifted shape: (250, 350) Original shape: (250, 350)
2023-12-31 21:49:21,927 - INFO - The type is FT Magnitude and its values are: [123.39221465 136.26324648 139.47521982 141.78630663 140.97498647], its shape is: (250, 350)
2023-12-31 21:49:21,931 - DEBUG - fft shifted shape: (250, 350) Original shape: (250, 350)
2023-12-31 21:49:21,941 - INFO - The type is FT Magnitude and its values are: [123.39221465 136.26324648 139.47521982 141.78630663 140.97498647], its shape is: (250, 350)
2023-12-31 21:49:21,945 - DEBUG - fft shifted shape: (250, 350) Original shape: (250, 350)
2023-12-31 21:49:21,953 - INFO - The type is FT Magnitude and its values are: [123.39221465 136.26324648 139.47521982 141.78630663 140.97498647], its shape is: (250, 350)
2023-12-31 21:49:23,416 - DEBUG - fft shifted shape: (250, 350) Original shape: (250, 350)
2023-12-31 21:49:23,422 - INFO - The type is FT Magnitude and its values are: [123.39221465 136.26324648 139.47521982 141.78630663 140.97498647], its shape is: (250, 350)
2023-12-31 21:49:23,426 - DEBUG - fft shifted shape: (250, 350) Original shape: (250, 350)
2023-12-31 21:49:23,432 - INFO - The type is FT Magnitude and its values are: [123.39221465 136.26324648 139.47521982 141.78630663 140.97498647], its shape is: (250, 350)
2023-12-31 21:49:23,435 - DEBUG - fft shifted shape: (250, 350) Original shape: (250, 350)
2023-12-31 21:49:23,442 - INFO - The type is FT Magnitude and its values are: [123.39221465 136.26324648 139.47521982 141.78630663 140.97498647], its shape is: (250, 350)
2023-12-31 21:49:23,447 - DEBUG - fft shifted shape: (250, 350) Original shape: (250, 350)
2023-12-31 21:49:23,454 - INFO - The type is FT Magnitude and its values are: [123.39221465 136.26324648 139.47521982 141.78630663 140.97498647], its shape is: (250, 350)
2023-12-31 21:49:23,460 - DEBUG - fft shifted shape: (250, 350) Original shape: (250, 350)
2023-12-31 21:49:23,468 - INFO - The type is FT Magnitude and its values are: [123.39221465 136.26324648 139.47521982 141.78630663 140.97498647], its shape is: (250, 350)
2023-12-31 21:49:25,964 - DEBUG - Sliced indices: (slice(102, 153, None), slice(138, 189, None))
2023-12-31 21:49:25,964 - DEBUG - Number of ones in mask before slicing: 0
2023-12-31 21:49:25,964 - DEBUG - Number of ones in mask after slicing: 2601 and its shape: (250, 350)
2023-12-31 21:49:25,967 - DEBUG - Masked in: [ 0.+0.j -0.+0.j  0.+0.j -0.+0.j -0.+0.j]
2023-12-31 21:49:25,967 - DEBUG - Masked in shape: (250, 350)
2023-12-31 21:49:25,968 - DEBUG - Masked out: [  477.        -1.13686838e-12j  -825.64616141+3.79634768e+02j
   174.85088036-1.05281198e+03j  -237.73456585+1.17426302e+03j
 -1150.26654268+1.86540653e+01j]
2023-12-31 21:49:25,968 - DEBUG - Masked out shape: (250, 350)
2023-12-31 21:49:25,978 - DEBUG - fft shifted shape: (250, 350) Original shape: (250, 350)
2023-12-31 21:49:25,985 - INFO - The type is FT Magnitude and its values are: [4.90349983e-10 6.20752338e-10 7.84381449e-10 2.60245159e-10
 2.90927282e-10], its shape is: (250, 350)
2023-12-31 21:49:31,492 - DEBUG - Mag after component 0 equal to: [2.45175330e-13 3.10377192e-13 3.92190488e-13 1.30122459e-13
 1.45464580e-13]
2023-12-31 21:49:31,492 - DEBUG - Mag after component 1 equal to: [2.45175330e-13 3.10377192e-13 3.92190488e-13 1.30122459e-13
 1.45464580e-13]
2023-12-31 21:49:31,492 - DEBUG - Mag after component 2 equal to: [2.45175330e-13 3.10377192e-13 3.92190488e-13 1.30122459e-13
 1.45464580e-13]
2023-12-31 21:49:31,493 - DEBUG - Mag after component 3 equal to: [2.45175330e-13 3.10377192e-13 3.92190488e-13 1.30122459e-13
 1.45464580e-13]
2023-12-31 21:49:31,498 - DEBUG - Original image: [222.71124776+4.22821208j 227.24719052+2.32701605j
 230.76044475-0.19869542j 233.05272882-2.77631883j
 234.23148839-4.85038514j 234.65303522-6.03462594j
 234.79576925-6.20719981j]
2023-12-31 21:49:31,499 - DEBUG - Mixed Image before clipping: [9.14399403 8.99101217 8.5619595  7.93802565 7.22898664 6.54358677
 5.9623566 ]
2023-12-31 21:49:31,499 - DEBUG - After clipping: [9.14399403 8.99101217 8.5619595  7.93802565 7.22898664 6.54358677
 5.9623566 ]
2023-12-31 21:49:31,503 - DEBUG - Mixed Image After Normalaizing: [[254 249 235 ... 213 235 249]
 [249 244 229 ... 209 230 244]
 [234 229 216 ... 200 217 230]
 ...
 [207 203 194 ... 176 192 202]
 [231 226 215 ... 194 213 226]
 [247 242 228 ... 207 227 242]]
2023-12-31 21:49:31,505 - DEBUG - Mag after component 0 equal to: [7.35525989e-13 9.31131577e-13 1.17657147e-12 3.90367378e-13
 4.36393739e-13]
2023-12-31 21:49:31,505 - DEBUG - Mag after component 1 equal to: [7.35525989e-13 9.31131577e-13 1.17657147e-12 3.90367378e-13
 4.36393739e-13]
2023-12-31 21:49:31,505 - DEBUG - Mag after component 2 equal to: [7.35525989e-13 9.31131577e-13 1.17657147e-12 3.90367378e-13
 4.36393739e-13]
2023-12-31 21:49:31,506 - DEBUG - Mag after component 3 equal to: [7.35525989e-13 9.31131577e-13 1.17657147e-12 3.90367378e-13
 4.36393739e-13]
2023-12-31 21:49:31,512 - DEBUG - Original image: [222.71124776+4.22821208j 227.24719052+2.32701605j
 230.76044475-0.19869542j 233.05272882-2.77631883j
 234.23148839-4.85038514j 234.65303522-6.03462594j
 234.79576925-6.20719981j]
2023-12-31 21:49:31,512 - DEBUG - Mixed Image before clipping: [27.43198208 26.97303651 25.6858785  23.81407694 21.68695993 19.63076032
 17.88706981]
2023-12-31 21:49:31,512 - DEBUG - After clipping: [27.43198208 26.97303651 25.6858785  23.81407694 21.68695993 19.63076032
 17.88706981]
2023-12-31 21:49:31,513 - DEBUG - Mixed Image After Normalaizing: [[255 249 235 ... 213 235 249]
 [249 244 229 ... 209 230 244]
 [234 229 216 ... 200 217 230]
 ...
 [207 203 194 ... 176 192 202]
 [231 226 215 ... 194 213 226]
 [247 242 228 ... 207 227 242]]
2023-12-31 21:49:31,522 - DEBUG - Mag after component 0 equal to: [3.92280527e-12 4.96603508e-12 6.27504782e-12 2.08195935e-12
 2.32743327e-12]
2023-12-31 21:49:31,523 - DEBUG - Mag after component 1 equal to: [3.92280527e-12 4.96603508e-12 6.27504782e-12 2.08195935e-12
 2.32743327e-12]
2023-12-31 21:49:31,523 - DEBUG - Mag after component 2 equal to: [3.92280527e-12 4.96603508e-12 6.27504782e-12 2.08195935e-12
 2.32743327e-12]
2023-12-31 21:49:31,524 - DEBUG - Mag after component 3 equal to: [3.92280527e-12 4.96603508e-12 6.27504782e-12 2.08195935e-12
 2.32743327e-12]
2023-12-31 21:49:31,531 - DEBUG - Original image: [222.71124776+4.22821208j 227.24719052+2.32701605j
 230.76044475-0.19869542j 233.05272882-2.77631883j
 234.23148839-4.85038514j 234.65303522-6.03462594j
 234.79576925-6.20719981j]
2023-12-31 21:49:31,531 - DEBUG - Mixed Image before clipping: [146.30390442 143.85619472 136.99135201 127.00841033 115.6637863
 104.69738836  95.39770563]
2023-12-31 21:49:31,532 - DEBUG - After clipping: [146.30390442 143.85619472 136.99135201 127.00841033 115.6637863
 104.69738836  95.39770563]
2023-12-31 21:49:31,533 - DEBUG - Mixed Image After Normalaizing: [[254 249 235 ... 213 235 249]
 [249 244 229 ... 209 230 244]
 [234 229 216 ... 200 217 230]
 ...
 [207 203 194 ... 176 192 202]
 [231 226 215 ... 194 213 226]
 [247 242 228 ... 207 227 242]]
2023-12-31 21:49:31,540 - DEBUG - Mag after component 0 equal to: [1.12780652e-11 1.42773509e-11 1.80407625e-11 5.98563313e-12
 6.69137066e-12]
2023-12-31 21:49:31,540 - DEBUG - Mag after component 1 equal to: [1.12780652e-11 1.42773509e-11 1.80407625e-11 5.98563313e-12
 6.69137066e-12]
2023-12-31 21:49:31,541 - DEBUG - Mag after component 2 equal to: [1.12780652e-11 1.42773509e-11 1.80407625e-11 5.98563313e-12
 6.69137066e-12]
2023-12-31 21:49:31,541 - DEBUG - Mag after component 3 equal to: [1.12780652e-11 1.42773509e-11 1.80407625e-11 5.98563313e-12
 6.69137066e-12]
2023-12-31 21:49:31,548 - DEBUG - Original image: [222.71124776+4.22821208j 227.24719052+2.32701605j
 230.76044475-0.19869542j 233.05272882-2.77631883j
 234.23148839-4.85038514j 234.65303522-6.03462594j
 234.79576925-6.20719981j]
2023-12-31 21:49:31,548 - DEBUG - Mixed Image before clipping: [420.62372522 413.58655981 393.85013703 365.14917969 332.53338561
 301.00499152 274.2684037 ]
2023-12-31 21:49:31,548 - DEBUG - After clipping: [255. 255. 255. 255. 255. 255. 255.]
2023-12-31 21:49:31,549 - DEBUG - Mixed Image After Normalaizing: [[255 255 255 ... 255 255 255]
 [255 255 255 ... 255 255 255]
 [255 255 255 ... 255 255 255]
 ...
 [255 255 255 ... 255 255 255]
 [255 255 255 ... 255 255 255]
 [255 255 255 ... 255 255 255]]
2023-12-31 21:49:31,553 - DEBUG - Mag after component 0 equal to: [1.47105198e-11 1.86226315e-11 2.35314293e-11 7.80734756e-12
 8.72787477e-12]
2023-12-31 21:49:31,554 - DEBUG - Mag after component 1 equal to: [1.47105198e-11 1.86226315e-11 2.35314293e-11 7.80734756e-12
 8.72787477e-12]
2023-12-31 21:49:31,554 - DEBUG - Mag after component 2 equal to: [1.47105198e-11 1.86226315e-11 2.35314293e-11 7.80734756e-12
 8.72787477e-12]
2023-12-31 21:49:31,554 - DEBUG - Mag after component 3 equal to: [1.47105198e-11 1.86226315e-11 2.35314293e-11 7.80734756e-12
 8.72787477e-12]
2023-12-31 21:49:31,560 - DEBUG - Original image: [222.71124776+4.22821208j 227.24719052+2.32701605j
 230.76044475-0.19869542j 233.05272882-2.77631883j
 234.23148839-4.85038514j 234.65303522-6.03462594j
 234.79576925-6.20719981j]
2023-12-31 21:49:31,561 - DEBUG - Mixed Image before clipping: [548.63964159 539.46073019 513.71757003 476.28153872 433.73919862
 392.61520633 357.74139612]
2023-12-31 21:49:31,561 - DEBUG - After clipping: [255. 255. 255. 255. 255. 255. 255.]
2023-12-31 21:49:31,562 - DEBUG - Mixed Image After Normalaizing: [[255 255 255 ... 255 255 255]
 [255 255 255 ... 255 255 255]
 [255 255 255 ... 255 255 255]
 ...
 [255 255 255 ... 255 255 255]
 [255 255 255 ... 255 255 255]
 [255 255 255 ... 255 255 255]]
2023-12-31 21:49:31,566 - DEBUG - Mag after component 0 equal to: [1.74074484e-11 2.20367807e-11 2.78455247e-11 9.23869461e-12
 1.03279851e-11]
2023-12-31 21:49:31,566 - DEBUG - Mag after component 1 equal to: [1.74074484e-11 2.20367807e-11 2.78455247e-11 9.23869461e-12
 1.03279851e-11]
2023-12-31 21:49:31,567 - DEBUG - Mag after component 2 equal to: [1.74074484e-11 2.20367807e-11 2.78455247e-11 9.23869461e-12
 1.03279851e-11]
2023-12-31 21:49:31,567 - DEBUG - Mag after component 3 equal to: [1.74074484e-11 2.20367807e-11 2.78455247e-11 9.23869461e-12
 1.03279851e-11]
2023-12-31 21:49:31,575 - DEBUG - Original image: [222.71124776+4.22821208j 227.24719052+2.32701605j
 230.76044475-0.19869542j 233.05272882-2.77631883j
 234.23148839-4.85038514j 234.65303522-6.03462594j
 234.79576925-6.20719981j]
2023-12-31 21:49:31,575 - DEBUG - Mixed Image before clipping: [649.22357588 638.36186406 607.89912454 563.59982082 513.25805171
 464.59466083 423.32731875]
2023-12-31 21:49:31,576 - DEBUG - After clipping: [255. 255. 255. 255. 255. 255. 255.]
2023-12-31 21:49:31,577 - DEBUG - Mixed Image After Normalaizing: [[255 255 255 ... 255 255 255]
 [255 255 255 ... 255 255 255]
 [255 255 255 ... 255 255 255]
 ...
 [255 255 255 ... 255 255 255]
 [255 255 255 ... 255 255 255]
 [255 255 255 ... 255 255 255]]
2023-12-31 21:49:31,580 - DEBUG - Mag after component 0 equal to: [2.01043770e-11 2.54509298e-11 3.21596201e-11 1.06700417e-11
 1.19280955e-11]
2023-12-31 21:49:31,580 - DEBUG - Mag after component 1 equal to: [2.01043770e-11 2.54509298e-11 3.21596201e-11 1.06700417e-11
 1.19280955e-11]
2023-12-31 21:49:31,580 - DEBUG - Mag after component 2 equal to: [2.01043770e-11 2.54509298e-11 3.21596201e-11 1.06700417e-11
 1.19280955e-11]
2023-12-31 21:49:31,581 - DEBUG - Mag after component 3 equal to: [2.01043770e-11 2.54509298e-11 3.21596201e-11 1.06700417e-11
 1.19280955e-11]
2023-12-31 21:49:31,587 - DEBUG - Original image: [222.71124776+4.22821208j 227.24719052+2.32701605j
 230.76044475-0.19869542j 233.05272882-2.77631883j
 234.23148839-4.85038514j 234.65303522-6.03462594j
 234.79576925-6.20719981j]
2023-12-31 21:49:31,588 - DEBUG - Mixed Image before clipping: [749.80751018 737.26299793 702.08067905 650.91810292 592.77690479
 536.57411532 488.91324137]
2023-12-31 21:49:31,588 - DEBUG - After clipping: [255. 255. 255. 255. 255. 255. 255.]
2023-12-31 21:49:31,589 - DEBUG - Mixed Image After Normalaizing: [[255 255 255 ... 255 255 255]
 [255 255 255 ... 255 255 255]
 [255 255 255 ... 255 255 255]
 ...
 [255 255 255 ... 255 255 255]
 [255 255 255 ... 255 255 255]
 [255 255 255 ... 255 255 255]]
2023-12-31 21:49:31,593 - DEBUG - Mag after component 0 equal to: [2.15754290e-11 2.73131929e-11 3.45127630e-11 1.14507764e-11
 1.28008830e-11]
2023-12-31 21:49:31,593 - DEBUG - Mag after component 1 equal to: [2.15754290e-11 2.73131929e-11 3.45127630e-11 1.14507764e-11
 1.28008830e-11]
2023-12-31 21:49:31,594 - DEBUG - Mag after component 2 equal to: [2.15754290e-11 2.73131929e-11 3.45127630e-11 1.14507764e-11
 1.28008830e-11]
2023-12-31 21:49:31,594 - DEBUG - Mag after component 3 equal to: [2.15754290e-11 2.73131929e-11 3.45127630e-11 1.14507764e-11
 1.28008830e-11]
2023-12-31 21:49:31,601 - DEBUG - Original image: [222.71124776+4.22821208j 227.24719052+2.32701605j
 230.76044475-0.19869542j 233.05272882-2.77631883j
 234.23148839-4.85038514j 234.65303522-6.03462594j
 234.79576925-6.20719981j]
2023-12-31 21:49:31,601 - DEBUG - Mixed Image before clipping: [804.67147433 791.20907095 753.45243605 698.54625679 636.15082465
 575.83563596 524.68738098]
2023-12-31 21:49:31,601 - DEBUG - After clipping: [255. 255. 255. 255. 255. 255. 255.]
2023-12-31 21:49:31,602 - DEBUG - Mixed Image After Normalaizing: [[255 255 255 ... 255 255 255]
 [255 255 255 ... 255 255 255]
 [255 255 255 ... 255 255 255]
 ...
 [255 255 255 ... 255 255 255]
 [255 255 255 ... 255 255 255]
 [255 255 255 ... 255 255 255]]
2023-12-31 21:49:31,605 - DEBUG - Mag after component 0 equal to: [2.35368316e-11 2.97962105e-11 3.76502869e-11 1.24917561e-11
 1.39645996e-11]
2023-12-31 21:49:31,605 - DEBUG - Mag after component 1 equal to: [2.35368316e-11 2.97962105e-11 3.76502869e-11 1.24917561e-11
 1.39645996e-11]
2023-12-31 21:49:31,606 - DEBUG - Mag after component 2 equal to: [2.35368316e-11 2.97962105e-11 3.76502869e-11 1.24917561e-11
 1.39645996e-11]
2023-12-31 21:49:31,606 - DEBUG - Mag after component 3 equal to: [2.35368316e-11 2.97962105e-11 3.76502869e-11 1.24917561e-11
 1.39645996e-11]
2023-12-31 21:49:31,612 - DEBUG - Original image: [222.71124776+4.22821208j 227.24719052+2.32701605j
 230.76044475-0.19869542j 233.05272882-2.77631883j
 234.23148839-4.85038514j 234.65303522-6.03462594j
 234.79576925-6.20719981j]
2023-12-31 21:49:31,613 - DEBUG - Mixed Image before clipping: [877.82342655 863.13716831 821.94811205 762.05046195 693.9827178
 628.18433014 572.3862338 ]
2023-12-31 21:49:31,613 - DEBUG - After clipping: [255. 255. 255. 255. 255. 255. 255.]
2023-12-31 21:49:31,615 - DEBUG - Mixed Image After Normalaizing: [[255 255 255 ... 255 255 255]
 [255 255 255 ... 255 255 255]
 [255 255 255 ... 255 255 255]
 ...
 [255 255 255 ... 255 255 255]
 [255 255 255 ... 255 255 255]
 [255 255 255 ... 255 255 255]]
2023-12-31 21:49:31,618 - DEBUG - Mag after component 0 equal to: [2.45175330e-11 3.10377192e-11 3.92190488e-11 1.30122459e-11
 1.45464580e-11]
2023-12-31 21:49:31,619 - DEBUG - Mag after component 1 equal to: [2.45175330e-11 3.10377192e-11 3.92190488e-11 1.30122459e-11
 1.45464580e-11]
2023-12-31 21:49:31,619 - DEBUG - Mag after component 2 equal to: [2.45175330e-11 3.10377192e-11 3.92190488e-11 1.30122459e-11
 1.45464580e-11]
2023-12-31 21:49:31,619 - DEBUG - Mag after component 3 equal to: [2.45175330e-11 3.10377192e-11 3.92190488e-11 1.30122459e-11
 1.45464580e-11]
2023-12-31 21:49:31,626 - DEBUG - Original image: [222.71124776+4.22821208j 227.24719052+2.32701605j
 230.76044475-0.19869542j 233.05272882-2.77631883j
 234.23148839-4.85038514j 234.65303522-6.03462594j
 234.79576925-6.20719981j]
2023-12-31 21:49:31,626 - DEBUG - Mixed Image before clipping: [914.39940265 899.10121699 856.19595006 793.80256453 722.89866437
 654.35867722 596.23566021]
2023-12-31 21:49:31,626 - DEBUG - After clipping: [255. 255. 255. 255. 255. 255. 255.]
2023-12-31 21:49:31,627 - DEBUG - Mixed Image After Normalaizing: [[255 255 255 ... 255 255 255]
 [255 255 255 ... 255 255 255]
 [255 255 255 ... 255 255 255]
 ...
 [255 255 255 ... 255 255 255]
 [255 255 255 ... 255 255 255]
 [255 255 255 ... 255 255 255]]
2023-12-31 21:49:38,867 - DEBUG - Mag after component 0 equal to: [2.45175330e-11 3.10377192e-11 3.92190488e-11 1.30122459e-11
 1.45464580e-11]
2023-12-31 21:49:38,868 - DEBUG - phase after component 1 using the weight 1 equal to: [-2.38337186e-17  2.71061633e-02 -1.40621864e-02  1.77055065e-02
  3.12537691e-02]
2023-12-31 21:49:38,868 - DEBUG - Mag after component 2 equal to: [2.45175330e-11 3.10377192e-11 3.92190488e-11 1.30122459e-11
 1.45464580e-11]
2023-12-31 21:49:38,868 - DEBUG - Mag after component 3 equal to: [2.45175330e-11 3.10377192e-11 3.92190488e-11 1.30122459e-11
 1.45464580e-11]
2023-12-31 21:49:38,875 - DEBUG - Original image: [222.71124776+4.22821208j 227.24719052+2.32701605j
 230.76044475-0.19869542j 233.05272882-2.77631883j
 234.23148839-4.85038514j 234.65303522-6.03462594j
 234.79576925-6.20719981j]
2023-12-31 21:49:38,875 - DEBUG - Mixed Image before clipping: [914.28120153 899.08781619 856.29078917 794.00641452 723.20875853
 654.76843934 596.73520984]
2023-12-31 21:49:38,876 - DEBUG - After clipping: [255. 255. 255. 255. 255. 255. 255.]
2023-12-31 21:49:38,877 - DEBUG - Mixed Image After Normalaizing: [[255 255 255 ... 255 255 255]
 [255 255 255 ... 255 255 255]
 [255 255 255 ... 255 255 255]
 ...
 [255 255 255 ... 255 255 255]
 [255 255 255 ... 255 255 255]
 [255 255 255 ... 255 255 255]]
2023-12-31 21:49:38,879 - DEBUG - Mag after component 0 equal to: [2.45175330e-11 3.10377192e-11 3.92190488e-11 1.30122459e-11
 1.45464580e-11]
2023-12-31 21:49:38,880 - DEBUG - phase after component 1 using the weight 3 equal to: [-7.15011558e-17  8.13184900e-02 -4.21865591e-02  5.31165194e-02
  9.37613072e-02]
2023-12-31 21:49:38,880 - DEBUG - Mag after component 2 equal to: [2.45175330e-11 3.10377192e-11 3.92190488e-11 1.30122459e-11
 1.45464580e-11]
2023-12-31 21:49:38,880 - DEBUG - Mag after component 3 equal to: [2.45175330e-11 3.10377192e-11 3.92190488e-11 1.30122459e-11
 1.45464580e-11]
2023-12-31 21:49:38,887 - DEBUG - Original image: [222.71124776+4.22821208j 227.24719052+2.32701605j
 230.76044475-0.19869542j 233.05272882-2.77631883j
 234.23148839-4.85038514j 234.65303522-6.03462594j
 234.79576925-6.20719981j]
2023-12-31 21:49:38,887 - DEBUG - Mixed Image before clipping: [913.33604095 898.36706279 855.82836006 793.82299281 723.30728792
 655.13368869 597.33752812]
2023-12-31 21:49:38,887 - DEBUG - After clipping: [255. 255. 255. 255. 255. 255. 255.]
2023-12-31 21:49:38,888 - DEBUG - Mixed Image After Normalaizing: [[255 255 255 ... 255 255 255]
 [255 255 255 ... 255 255 255]
 [255 255 255 ... 255 255 255]
 ...
 [255 255 255 ... 255 255 255]
 [255 255 255 ... 255 255 255]
 [255 255 255 ... 255 255 255]]
2023-12-31 21:49:38,890 - DEBUG - Mag after component 0 equal to: [2.45175330e-11 3.10377192e-11 3.92190488e-11 1.30122459e-11
 1.45464580e-11]
2023-12-31 21:49:38,890 - DEBUG - phase after component 1 using the weight 10 equal to: [-2.38337186e-16  2.71061633e-01 -1.40621864e-01  1.77055065e-01
  3.12537691e-01]
2023-12-31 21:49:38,891 - DEBUG - Mag after component 2 equal to: [2.45175330e-11 3.10377192e-11 3.92190488e-11 1.30122459e-11
 1.45464580e-11]
2023-12-31 21:49:38,891 - DEBUG - Mag after component 3 equal to: [2.45175330e-11 3.10377192e-11 3.92190488e-11 1.30122459e-11
 1.45464580e-11]
2023-12-31 21:49:38,898 - DEBUG - Original image: [222.71124776+4.22821208j 227.24719052+2.32701605j
 230.76044475-0.19869542j 233.05272882-2.77631883j
 234.23148839-4.85038514j 234.65303522-6.03462594j
 234.79576925-6.20719981j]
2023-12-31 21:49:38,898 - DEBUG - Mixed Image before clipping: [902.6408131  888.60708753 847.40374378 787.00486742 718.19348932
 651.64867074 595.27434038]
2023-12-31 21:49:38,899 - DEBUG - After clipping: [255. 255. 255. 255. 255. 255. 255.]
2023-12-31 21:49:38,900 - DEBUG - Mixed Image After Normalaizing: [[254 254 254 ... 254 254 254]
 [254 254 254 ... 254 254 254]
 [254 254 254 ... 254 254 254]
 ...
 [254 254 254 ... 254 254 254]
 [254 254 254 ... 254 254 254]
 [254 254 254 ... 254 254 254]]
2023-12-31 21:49:38,902 - DEBUG - Mag after component 0 equal to: [2.45175330e-11 3.10377192e-11 3.92190488e-11 1.30122459e-11
 1.45464580e-11]
2023-12-31 21:49:38,902 - DEBUG - phase after component 1 using the weight 16 equal to: [-3.81339498e-16  4.33698613e-01 -2.24994982e-01  2.83288103e-01
  5.00060305e-01]
2023-12-31 21:49:38,902 - DEBUG - Mag after component 2 equal to: [2.45175330e-11 3.10377192e-11 3.92190488e-11 1.30122459e-11
 1.45464580e-11]
2023-12-31 21:49:38,903 - DEBUG - Mag after component 3 equal to: [2.45175330e-11 3.10377192e-11 3.92190488e-11 1.30122459e-11
 1.45464580e-11]
2023-12-31 21:49:38,909 - DEBUG - Original image: [222.71124776+4.22821208j 227.24719052+2.32701605j
 230.76044475-0.19869542j 233.05272882-2.77631883j
 234.23148839-4.85038514j 234.65303522-6.03462594j
 234.79576925-6.20719981j]
2023-12-31 21:49:38,909 - DEBUG - Mixed Image before clipping: [884.54405343 871.48479343 831.93844356 773.66792882 707.17312764
 642.85218988 588.39941069]
2023-12-31 21:49:38,910 - DEBUG - After clipping: [255. 255. 255. 255. 255. 255. 255.]
2023-12-31 21:49:38,910 - DEBUG - Mixed Image After Normalaizing: [[255 255 255 ... 255 255 255]
 [255 255 255 ... 255 255 255]
 [255 255 255 ... 255 255 255]
 ...
 [255 255 255 ... 255 255 255]
 [255 255 255 ... 255 255 255]
 [255 255 255 ... 255 255 255]]
2023-12-31 21:49:38,913 - DEBUG - Mag after component 0 equal to: [2.45175330e-11 3.10377192e-11 3.92190488e-11 1.30122459e-11
 1.45464580e-11]
2023-12-31 21:49:38,913 - DEBUG - phase after component 1 using the weight 27 equal to: [-6.43510402e-16  7.31866410e-01 -3.79679032e-01  4.78048675e-01
  8.43851765e-01]
2023-12-31 21:49:38,914 - DEBUG - Mag after component 2 equal to: [2.45175330e-11 3.10377192e-11 3.92190488e-11 1.30122459e-11
 1.45464580e-11]
2023-12-31 21:49:38,914 - DEBUG - Mag after component 3 equal to: [2.45175330e-11 3.10377192e-11 3.92190488e-11 1.30122459e-11
 1.45464580e-11]
2023-12-31 21:49:38,922 - DEBUG - Original image: [222.71124776+4.22821208j 227.24719052+2.32701605j
 230.76044475-0.19869542j 233.05272882-2.77631883j
 234.23148839-4.85038514j 234.65303522-6.03462594j
 234.79576925-6.20719981j]
2023-12-31 21:49:38,922 - DEBUG - Mixed Image before clipping: [831.47870434 820.55908491 785.15909515 732.42746914 672.04399197
 613.59816402 564.18670186]
2023-12-31 21:49:38,923 - DEBUG - After clipping: [255. 255. 255. 255. 255. 255. 255.]
2023-12-31 21:49:38,924 - DEBUG - Mixed Image After Normalaizing: [[255 255 255 ... 255 255 255]
 [255 255 255 ... 255 255 255]
 [255 255 255 ... 255 255 255]
 ...
 [255 255 255 ... 255 255 255]
 [255 255 255 ... 255 255 255]
 [255 255 255 ... 255 255 255]]
2023-12-31 21:49:38,928 - DEBUG - Mag after component 0 equal to: [2.45175330e-11 3.10377192e-11 3.92190488e-11 1.30122459e-11
 1.45464580e-11]
2023-12-31 21:49:38,928 - DEBUG - phase after component 1 using the weight 41 equal to: [-9.77182463e-16  1.11135270e+00 -5.76549641e-01  7.25925765e-01
  1.28140453e+00]
2023-12-31 21:49:38,928 - DEBUG - Mag after component 2 equal to: [2.45175330e-11 3.10377192e-11 3.92190488e-11 1.30122459e-11
 1.45464580e-11]
2023-12-31 21:49:38,929 - DEBUG - Mag after component 3 equal to: [2.45175330e-11 3.10377192e-11 3.92190488e-11 1.30122459e-11
 1.45464580e-11]
2023-12-31 21:49:38,936 - DEBUG - Original image: [222.71124776+4.22821208j 227.24719052+2.32701605j
 230.76044475-0.19869542j 233.05272882-2.77631883j
 234.23148839-4.85038514j 234.65303522-6.03462594j
 234.79576925-6.20719981j]
2023-12-31 21:49:38,936 - DEBUG - Mixed Image before clipping: [732.59131294 724.87122816 696.41785555 653.23203413 603.47096987
 555.23292477 514.52338717]
2023-12-31 21:49:38,937 - DEBUG - After clipping: [255. 255. 255. 255. 255. 255. 255.]
2023-12-31 21:49:38,937 - DEBUG - Mixed Image After Normalaizing: [[254 254 254 ... 254 254 254]
 [254 254 254 ... 254 254 254]
 [254 254 254 ... 254 254 254]
 ...
 [254 254 254 ... 254 254 254]
 [254 254 254 ... 254 254 254]
 [254 254 254 ... 254 254 254]]
2023-12-31 21:49:38,939 - DEBUG - Mag after component 0 equal to: [2.45175330e-11 3.10377192e-11 3.92190488e-11 1.30122459e-11
 1.45464580e-11]
2023-12-31 21:49:38,940 - DEBUG - phase after component 1 using the weight 49 equal to: [-1.16785221e-15  1.32820200e+00 -6.89047132e-01  8.67569817e-01
  1.53143468e+00]
2023-12-31 21:49:38,940 - DEBUG - Mag after component 2 equal to: [2.45175330e-11 3.10377192e-11 3.92190488e-11 1.30122459e-11
 1.45464580e-11]
2023-12-31 21:49:38,941 - DEBUG - Mag after component 3 equal to: [2.45175330e-11 3.10377192e-11 3.92190488e-11 1.30122459e-11
 1.45464580e-11]
2023-12-31 21:49:38,948 - DEBUG - Original image: [222.71124776+4.22821208j 227.24719052+2.32701605j
 230.76044475-0.19869542j 233.05272882-2.77631883j
 234.23148839-4.85038514j 234.65303522-6.03462594j
 234.79576925-6.20719981j]
2023-12-31 21:49:38,949 - DEBUG - Mixed Image before clipping: [664.46191661 658.69671659 634.78571422 597.93266529 555.24379436
 513.79349007 478.84353255]
2023-12-31 21:49:38,949 - DEBUG - After clipping: [255. 255. 255. 255. 255. 255. 255.]
2023-12-31 21:49:38,950 - DEBUG - Mixed Image After Normalaizing: [[255 255 255 ... 255 255 255]
 [255 255 255 ... 255 255 255]
 [255 255 255 ... 255 255 255]
 ...
 [255 255 255 ... 255 255 255]
 [255 255 255 ... 255 255 255]
 [255 255 255 ... 255 255 255]]
2023-12-31 21:49:38,952 - DEBUG - Mag after component 0 equal to: [2.45175330e-11 3.10377192e-11 3.92190488e-11 1.30122459e-11
 1.45464580e-11]
2023-12-31 21:49:38,952 - DEBUG - phase after component 1 using the weight 52 equal to: [-1.23935337e-15  1.40952049e+00 -7.31233691e-01  9.20686336e-01
  1.62519599e+00]
2023-12-31 21:49:38,953 - DEBUG - Mag after component 2 equal to: [2.45175330e-11 3.10377192e-11 3.92190488e-11 1.30122459e-11
 1.45464580e-11]
2023-12-31 21:49:38,953 - DEBUG - Mag after component 3 equal to: [2.45175330e-11 3.10377192e-11 3.92190488e-11 1.30122459e-11
 1.45464580e-11]
2023-12-31 21:49:38,960 - DEBUG - Original image: [222.71124776+4.22821208j 227.24719052+2.32701605j
 230.76044475-0.19869542j 233.05272882-2.77631883j
 234.23148839-4.85038514j 234.65303522-6.03462594j
 234.79576925-6.20719981j]
2023-12-31 21:49:38,960 - DEBUG - Mixed Image before clipping: [637.42176269 632.39627963 610.25367234 575.87963532 535.96232078
 497.16991649 464.47022563]
2023-12-31 21:49:38,960 - DEBUG - After clipping: [255. 255. 255. 255. 255. 255. 255.]
2023-12-31 21:49:38,961 - DEBUG - Mixed Image After Normalaizing: [[255 255 255 ... 255 255 255]
 [255 255 255 ... 255 255 255]
 [255 255 255 ... 255 255 255]
 ...
 [255 255 255 ... 255 255 255]
 [255 255 255 ... 255 255 255]
 [255 255 255 ... 255 255 255]]
2023-12-31 21:49:38,963 - DEBUG - Mag after component 0 equal to: [2.45175330e-11 3.10377192e-11 3.92190488e-11 1.30122459e-11
 1.45464580e-11]
2023-12-31 21:49:38,963 - DEBUG - phase after component 1 using the weight 56 equal to: [-1.33468824e-15  1.51794515e+00 -7.87482437e-01  9.91508362e-01
  1.75021107e+00]
2023-12-31 21:49:38,964 - DEBUG - Mag after component 2 equal to: [2.45175330e-11 3.10377192e-11 3.92190488e-11 1.30122459e-11
 1.45464580e-11]
2023-12-31 21:49:38,964 - DEBUG - Mag after component 3 equal to: [2.45175330e-11 3.10377192e-11 3.92190488e-11 1.30122459e-11
 1.45464580e-11]
2023-12-31 21:49:38,971 - DEBUG - Original image: [222.71124776+4.22821208j 227.24719052+2.32701605j
 230.76044475-0.19869542j 233.05272882-2.77631883j
 234.23148839-4.85038514j 234.65303522-6.03462594j
 234.79576925-6.20719981j]
2023-12-31 21:49:38,971 - DEBUG - Mixed Image before clipping: [600.47912845 596.43676249 576.6845721  545.67198729 509.51488503
 474.32638979 444.67353403]
2023-12-31 21:49:38,972 - DEBUG - After clipping: [255. 255. 255. 255. 255. 255. 255.]
2023-12-31 21:49:38,972 - DEBUG - Mixed Image After Normalaizing: [[255 255 255 ... 255 255 255]
 [255 255 255 ... 255 255 255]
 [255 255 255 ... 255 255 255]
 ...
 [255 255 255 ... 255 255 255]
 [255 255 255 ... 255 255 255]
 [255 255 255 ... 255 255 255]]
2023-12-31 21:49:38,975 - DEBUG - Mag after component 0 equal to: [2.45175330e-11 3.10377192e-11 3.92190488e-11 1.30122459e-11
 1.45464580e-11]
2023-12-31 21:49:38,975 - DEBUG - phase after component 1 using the weight 57 equal to: [-1.35852196e-15  1.54505131e+00 -8.01544623e-01  1.00921387e+00
  1.78146484e+00]
2023-12-31 21:49:38,975 - DEBUG - Mag after component 2 equal to: [2.45175330e-11 3.10377192e-11 3.92190488e-11 1.30122459e-11
 1.45464580e-11]
2023-12-31 21:49:38,976 - DEBUG - Mag after component 3 equal to: [2.45175330e-11 3.10377192e-11 3.92190488e-11 1.30122459e-11
 1.45464580e-11]
2023-12-31 21:49:38,983 - DEBUG - Original image: [222.71124776+4.22821208j 227.24719052+2.32701605j
 230.76044475-0.19869542j 233.05272882-2.77631883j
 234.23148839-4.85038514j 234.65303522-6.03462594j
 234.79576925-6.20719981j]
2023-12-31 21:49:38,983 - DEBUG - Mixed Image before clipping: [591.12135247 587.32336937 568.17242662 538.00711234 502.7981182
 468.51792445 439.63218471]
2023-12-31 21:49:38,983 - DEBUG - After clipping: [255. 255. 255. 255. 255. 255. 255.]
2023-12-31 21:49:38,984 - DEBUG - Mixed Image After Normalaizing: [[255 255 255 ... 255 255 255]
 [255 255 255 ... 255 255 255]
 [255 255 255 ... 255 255 255]
 ...
 [255 255 255 ... 255 255 255]
 [255 255 255 ... 255 255 255]
 [255 255 255 ... 255 255 255]]
2023-12-31 21:49:38,986 - DEBUG - Mag after component 0 equal to: [2.45175330e-11 3.10377192e-11 3.92190488e-11 1.30122459e-11
 1.45464580e-11]
2023-12-31 21:49:38,986 - DEBUG - phase after component 1 using the weight 60 equal to: [-1.43002312e-15  1.62636980e+00 -8.43731182e-01  1.06233039e+00
  1.87522614e+00]
2023-12-31 21:49:38,987 - DEBUG - Mag after component 2 equal to: [2.45175330e-11 3.10377192e-11 3.92190488e-11 1.30122459e-11
 1.45464580e-11]
2023-12-31 21:49:38,987 - DEBUG - Mag after component 3 equal to: [2.45175330e-11 3.10377192e-11 3.92190488e-11 1.30122459e-11
 1.45464580e-11]
2023-12-31 21:49:38,994 - DEBUG - Original image: [222.71124776+4.22821208j 227.24719052+2.32701605j
 230.76044475-0.19869542j 233.05272882-2.77631883j
 234.23148839-4.85038514j 234.65303522-6.03462594j
 234.79576925-6.20719981j]
2023-12-31 21:49:38,995 - DEBUG - Mixed Image before clipping: [562.84355398 559.77340384 542.42974721 514.81535707 482.46158413
 450.91573592 424.33740944]
2023-12-31 21:49:38,995 - DEBUG - After clipping: [255. 255. 255. 255. 255. 255. 255.]
2023-12-31 21:49:38,996 - DEBUG - Mixed Image After Normalaizing: [[255 255 255 ... 255 255 255]
 [255 255 255 ... 255 255 255]
 [255 255 255 ... 255 255 255]
 ...
 [255 255 255 ... 255 255 255]
 [255 255 255 ... 255 255 255]
 [255 255 255 ... 255 255 255]]
2023-12-31 21:49:38,998 - DEBUG - Mag after component 0 equal to: [2.45175330e-11 3.10377192e-11 3.92190488e-11 1.30122459e-11
 1.45464580e-11]
2023-12-31 21:49:38,998 - DEBUG - phase after component 1 using the weight 62 equal to: [-1.47769055e-15  1.68058213e+00 -8.71855555e-01  1.09774140e+00
  1.93773368e+00]
2023-12-31 21:49:38,999 - DEBUG - Mag after component 2 equal to: [2.45175330e-11 3.10377192e-11 3.92190488e-11 1.30122459e-11
 1.45464580e-11]
2023-12-31 21:49:38,999 - DEBUG - Mag after component 3 equal to: [2.45175330e-11 3.10377192e-11 3.92190488e-11 1.30122459e-11
 1.45464580e-11]
2023-12-31 21:49:39,006 - DEBUG - Original image: [222.71124776+4.22821208j 227.24719052+2.32701605j
 230.76044475-0.19869542j 233.05272882-2.77631883j
 234.23148839-4.85038514j 234.65303522-6.03462594j
 234.79576925-6.20719981j]
2023-12-31 21:49:39,006 - DEBUG - Mixed Image before clipping: [543.8767939  541.28622945 525.14715106 499.2363262  468.78986938
 439.06973283 414.03045247]
2023-12-31 21:49:39,007 - DEBUG - After clipping: [255. 255. 255. 255. 255. 255. 255.]
2023-12-31 21:49:39,007 - DEBUG - Mixed Image After Normalaizing: [[255 255 255 ... 255 255 255]
 [255 255 255 ... 255 255 255]
 [255 255 255 ... 255 255 255]
 ...
 [255 255 255 ... 255 255 255]
 [255 255 255 ... 255 255 255]
 [255 255 255 ... 255 255 255]]
2023-12-31 21:49:39,010 - DEBUG - Mag after component 0 equal to: [2.45175330e-11 3.10377192e-11 3.92190488e-11 1.30122459e-11
 1.45464580e-11]
2023-12-31 21:49:39,010 - DEBUG - phase after component 1 using the weight 63 equal to: [-1.50152427e-15  1.70768829e+00 -8.85917741e-01  1.11544691e+00
  1.96898745e+00]
2023-12-31 21:49:39,011 - DEBUG - Mag after component 2 equal to: [2.45175330e-11 3.10377192e-11 3.92190488e-11 1.30122459e-11
 1.45464580e-11]
2023-12-31 21:49:39,011 - DEBUG - Mag after component 3 equal to: [2.45175330e-11 3.10377192e-11 3.92190488e-11 1.30122459e-11
 1.45464580e-11]
2023-12-31 21:49:39,018 - DEBUG - Original image: [222.71124776+4.22821208j 227.24719052+2.32701605j
 230.76044475-0.19869542j 233.05272882-2.77631883j
 234.23148839-4.85038514j 234.65303522-6.03462594j
 234.79576925-6.20719981j]
2023-12-31 21:49:39,018 - DEBUG - Mixed Image before clipping: [534.37557389 532.02275478 516.48491867 491.42537597 461.93216395
 433.12422257 408.85342242]
2023-12-31 21:49:39,019 - DEBUG - After clipping: [255. 255. 255. 255. 255. 255. 255.]
2023-12-31 21:49:39,020 - DEBUG - Mixed Image After Normalaizing: [[254 254 254 ... 254 254 254]
 [254 254 254 ... 254 254 254]
 [254 254 254 ... 254 254 254]
 ...
 [254 254 254 ... 254 254 254]
 [254 254 254 ... 254 254 254]
 [254 254 254 ... 254 254 254]]
2023-12-31 21:49:39,022 - DEBUG - Mag after component 0 equal to: [2.45175330e-11 3.10377192e-11 3.92190488e-11 1.30122459e-11
 1.45464580e-11]
2023-12-31 21:49:39,022 - DEBUG - phase after component 1 using the weight 65 equal to: [-1.54919171e-15  1.76190062e+00 -9.14042114e-01  1.15085792e+00
  2.03149499e+00]
2023-12-31 21:49:39,023 - DEBUG - Mag after component 2 equal to: [2.45175330e-11 3.10377192e-11 3.92190488e-11 1.30122459e-11
 1.45464580e-11]
2023-12-31 21:49:39,023 - DEBUG - Mag after component 3 equal to: [2.45175330e-11 3.10377192e-11 3.92190488e-11 1.30122459e-11
 1.45464580e-11]
2023-12-31 21:49:39,031 - DEBUG - Original image: [222.71124776+4.22821208j 227.24719052+2.32701605j
 230.76044475-0.19869542j 233.05272882-2.77631883j
 234.23148839-4.85038514j 234.65303522-6.03462594j
 234.79576925-6.20719981j]
2023-12-31 21:49:39,031 - DEBUG - Mixed Image before clipping: [515.36505785 513.48305156 499.1440175  475.78375046 448.19362013
 421.20626616 398.46824354]
2023-12-31 21:49:39,031 - DEBUG - After clipping: [255. 255. 255. 255. 255. 255. 255.]
2023-12-31 21:49:39,032 - DEBUG - Mixed Image After Normalaizing: [[255 255 255 ... 255 255 255]
 [255 255 255 ... 255 255 255]
 [255 255 255 ... 255 255 255]
 ...
 [255 255 255 ... 255 255 255]
 [255 255 255 ... 255 255 255]
 [255 255 255 ... 255 255 255]]
2023-12-31 21:49:39,034 - DEBUG - Mag after component 0 equal to: [2.45175330e-11 3.10377192e-11 3.92190488e-11 1.30122459e-11
 1.45464580e-11]
2023-12-31 21:49:39,034 - DEBUG - phase after component 1 using the weight 66 equal to: [-1.57302543e-15  1.78900678e+00 -9.28104301e-01  1.16856343e+00
  2.06274876e+00]
2023-12-31 21:49:39,034 - DEBUG - Mag after component 2 equal to: [2.45175330e-11 3.10377192e-11 3.92190488e-11 1.30122459e-11
 1.45464580e-11]
2023-12-31 21:49:39,034 - DEBUG - Mag after component 3 equal to: [2.45175330e-11 3.10377192e-11 3.92190488e-11 1.30122459e-11
 1.45464580e-11]
2023-12-31 21:49:39,041 - DEBUG - Original image: [222.71124776+4.22821208j 227.24719052+2.32701605j
 230.76044475-0.19869542j 233.05272882-2.77631883j
 234.23148839-4.85038514j 234.65303522-6.03462594j
 234.79576925-6.20719981j]
2023-12-31 21:49:39,041 - DEBUG - Mixed Image before clipping: [505.86674943 504.2175814  490.47547758 467.96229703 441.32098037
 415.24103586 393.26648112]
2023-12-31 21:49:39,042 - DEBUG - After clipping: [255. 255. 255. 255. 255. 255. 255.]
2023-12-31 21:49:39,043 - DEBUG - Mixed Image After Normalaizing: [[255 255 255 ... 255 255 255]
 [255 255 255 ... 255 255 255]
 [255 255 255 ... 255 255 255]
 ...
 [255 255 255 ... 255 255 255]
 [255 255 255 ... 255 255 255]
 [255 255 255 ... 255 255 255]]
2023-12-31 21:49:39,045 - DEBUG - Mag after component 0 equal to: [2.45175330e-11 3.10377192e-11 3.92190488e-11 1.30122459e-11
 1.45464580e-11]
2023-12-31 21:49:39,045 - DEBUG - phase after component 1 using the weight 67 equal to: [-1.59685915e-15  1.81611294e+00 -9.42166487e-01  1.18626893e+00
  2.09400253e+00]
2023-12-31 21:49:39,046 - DEBUG - Mag after component 2 equal to: [2.45175330e-11 3.10377192e-11 3.92190488e-11 1.30122459e-11
 1.45464580e-11]
2023-12-31 21:49:39,046 - DEBUG - Mag after component 3 equal to: [2.45175330e-11 3.10377192e-11 3.92190488e-11 1.30122459e-11
 1.45464580e-11]
2023-12-31 21:49:39,053 - DEBUG - Original image: [222.71124776+4.22821208j 227.24719052+2.32701605j
 230.76044475-0.19869542j 233.05272882-2.77631883j
 234.23148839-4.85038514j 234.65303522-6.03462594j
 234.79576925-6.20719981j]
2023-12-31 21:49:39,053 - DEBUG - Mixed Image before clipping: [496.38036023 494.96216788 481.81493127 460.14653677 434.45153956
 409.27643275 388.06285154]
2023-12-31 21:49:39,054 - DEBUG - After clipping: [255. 255. 255. 255. 255. 255. 255.]
2023-12-31 21:49:39,054 - DEBUG - Mixed Image After Normalaizing: [[254 254 254 ... 254 254 254]
 [254 254 254 ... 254 254 254]
 [254 254 254 ... 254 254 254]
 ...
 [254 254 254 ... 254 254 254]
 [254 254 254 ... 254 254 254]
 [254 254 254 ... 254 254 254]]
2023-12-31 21:49:39,059 - DEBUG - Mag after component 0 equal to: [2.45175330e-11 3.10377192e-11 3.92190488e-11 1.30122459e-11
 1.45464580e-11]
2023-12-31 21:49:39,059 - DEBUG - phase after component 1 using the weight 68 equal to: [-1.62069286e-15  1.84321911e+00 -9.56228673e-01  1.20397444e+00
  2.12525630e+00]
2023-12-31 21:49:39,059 - DEBUG - Mag after component 2 equal to: [2.45175330e-11 3.10377192e-11 3.92190488e-11 1.30122459e-11
 1.45464580e-11]
2023-12-31 21:49:39,060 - DEBUG - Mag after component 3 equal to: [2.45175330e-11 3.10377192e-11 3.92190488e-11 1.30122459e-11
 1.45464580e-11]
2023-12-31 21:49:39,067 - DEBUG - Original image: [222.71124776+4.22821208j 227.24719052+2.32701605j
 230.76044475-0.19869542j 233.05272882-2.77631883j
 234.23148839-4.85038514j 234.65303522-6.03462594j
 234.79576925-6.20719981j]
2023-12-31 21:49:39,068 - DEBUG - Mixed Image before clipping: [486.91131993 485.72212968 473.16738858 452.34103437 427.58936033
 403.31603795 382.86053042]
2023-12-31 21:49:39,068 - DEBUG - After clipping: [255. 255. 255. 255. 255. 255. 255.]
2023-12-31 21:49:39,069 - DEBUG - Mixed Image After Normalaizing: [[254 254 254 ... 254 254 254]
 [254 254 254 ... 254 254 254]
 [254 254 254 ... 254 254 254]
 ...
 [254 254 254 ... 254 254 254]
 [254 254 254 ... 254 254 254]
 [254 254 254 ... 254 254 254]]
2023-12-31 21:49:39,071 - DEBUG - Mag after component 0 equal to: [2.45175330e-11 3.10377192e-11 3.92190488e-11 1.30122459e-11
 1.45464580e-11]
2023-12-31 21:49:39,072 - DEBUG - phase after component 1 using the weight 69 equal to: [-1.64452658e-15  1.87032527e+00 -9.70290860e-01  1.22167995e+00
  2.15651007e+00]
2023-12-31 21:49:39,072 - DEBUG - Mag after component 2 equal to: [2.45175330e-11 3.10377192e-11 3.92190488e-11 1.30122459e-11
 1.45464580e-11]
2023-12-31 21:49:39,072 - DEBUG - Mag after component 3 equal to: [2.45175330e-11 3.10377192e-11 3.92190488e-11 1.30122459e-11
 1.45464580e-11]
2023-12-31 21:49:39,079 - DEBUG - Original image: [222.71124776+4.22821208j 227.24719052+2.32701605j
 230.76044475-0.19869542j 233.05272882-2.77631883j
 234.23148839-4.85038514j 234.65303522-6.03462594j
 234.79576925-6.20719981j]
2023-12-31 21:49:39,079 - DEBUG - Mixed Image before clipping: [477.46502576 476.50275463 464.53783145 444.55033027 420.73848548
 397.36341724 377.66268224]
2023-12-31 21:49:39,080 - DEBUG - After clipping: [255. 255. 255. 255. 255. 255. 255.]
2023-12-31 21:49:39,080 - DEBUG - Mixed Image After Normalaizing: [[255 255 255 ... 255 255 255]
 [255 255 255 ... 255 255 255]
 [255 255 255 ... 255 255 255]
 ...
 [255 255 255 ... 255 255 255]
 [255 255 255 ... 255 255 255]
 [255 255 255 ... 255 255 255]]
2023-12-31 21:49:39,087 - DEBUG - Mag after component 0 equal to: [2.45175330e-11 3.10377192e-11 3.92190488e-11 1.30122459e-11
 1.45464580e-11]
2023-12-31 21:49:39,088 - DEBUG - phase after component 1 using the weight 70 equal to: [-1.66836030e-15  1.89743143e+00 -9.84353046e-01  1.23938545e+00
  2.18776384e+00]
2023-12-31 21:49:39,088 - DEBUG - Mag after component 2 equal to: [2.45175330e-11 3.10377192e-11 3.92190488e-11 1.30122459e-11
 1.45464580e-11]
2023-12-31 21:49:39,088 - DEBUG - Mag after component 3 equal to: [2.45175330e-11 3.10377192e-11 3.92190488e-11 1.30122459e-11
 1.45464580e-11]
2023-12-31 21:49:39,096 - DEBUG - Original image: [222.71124776+4.22821208j 227.24719052+2.32701605j
 230.76044475-0.19869542j 233.05272882-2.77631883j
 234.23148839-4.85038514j 234.65303522-6.03462594j
 234.79576925-6.20719981j]
2023-12-31 21:49:39,096 - DEBUG - Mixed Image before clipping: [468.04683875 467.30929596 455.93121027 436.77893746 413.9029351
 391.42211856 372.47245808]
2023-12-31 21:49:39,097 - DEBUG - After clipping: [255. 255. 255. 255. 255. 255. 255.]
2023-12-31 21:49:39,097 - DEBUG - Mixed Image After Normalaizing: [[255 255 255 ... 255 255 255]
 [255 255 255 ... 255 255 255]
 [255 255 255 ... 255 255 255]
 ...
 [255 255 255 ... 255 255 255]
 [255 255 255 ... 255 255 255]
 [255 255 255 ... 255 255 255]]
2023-12-31 21:49:39,100 - DEBUG - Mag after component 0 equal to: [2.45175330e-11 3.10377192e-11 3.92190488e-11 1.30122459e-11
 1.45464580e-11]
2023-12-31 21:49:39,100 - DEBUG - phase after component 1 using the weight 71 equal to: [-1.69219402e-15  1.92453760e+00 -9.98415232e-01  1.25709096e+00
  2.21901760e+00]
2023-12-31 21:49:39,101 - DEBUG - Mag after component 2 equal to: [2.45175330e-11 3.10377192e-11 3.92190488e-11 1.30122459e-11
 1.45464580e-11]
2023-12-31 21:49:39,101 - DEBUG - Mag after component 3 equal to: [2.45175330e-11 3.10377192e-11 3.92190488e-11 1.30122459e-11
 1.45464580e-11]
2023-12-31 21:49:39,109 - DEBUG - Original image: [222.71124776+4.22821208j 227.24719052+2.32701605j
 230.76044475-0.19869542j 233.05272882-2.77631883j
 234.23148839-4.85038514j 234.65303522-6.03462594j
 234.79576925-6.20719981j]
2023-12-31 21:49:39,109 - DEBUG - Mixed Image before clipping: [458.66207998 458.14696873 447.35244041 429.03133832 407.08670377
 385.49566953 367.29299338]
2023-12-31 21:49:39,109 - DEBUG - After clipping: [255. 255. 255. 255. 255. 255. 255.]
2023-12-31 21:49:39,110 - DEBUG - Mixed Image After Normalaizing: [[255 255 255 ... 255 255 255]
 [255 255 255 ... 255 255 255]
 [255 255 255 ... 255 255 255]
 ...
 [255 255 255 ... 255 255 255]
 [255 255 255 ... 255 255 255]
 [255 255 255 ... 255 255 255]]
2023-12-31 21:49:39,112 - DEBUG - Mag after component 0 equal to: [2.45175330e-11 3.10377192e-11 3.92190488e-11 1.30122459e-11
 1.45464580e-11]
2023-12-31 21:49:39,112 - DEBUG - phase after component 1 using the weight 72 equal to: [-1.71602774e-15  1.95164376e+00 -1.01247742e+00  1.27479647e+00
  2.25027137e+00]
2023-12-31 21:49:39,113 - DEBUG - Mag after component 2 equal to: [2.45175330e-11 3.10377192e-11 3.92190488e-11 1.30122459e-11
 1.45464580e-11]
2023-12-31 21:49:39,113 - DEBUG - Mag after component 3 equal to: [2.45175330e-11 3.10377192e-11 3.92190488e-11 1.30122459e-11
 1.45464580e-11]
2023-12-31 21:49:39,121 - DEBUG - Original image: [222.71124776+4.22821208j 227.24719052+2.32701605j
 230.76044475-0.19869542j 233.05272882-2.77631883j
 234.23148839-4.85038514j 234.65303522-6.03462594j
 234.79576925-6.20719981j]
2023-12-31 21:49:39,121 - DEBUG - Mixed Image before clipping: [449.31602698 449.02094618 438.80639886 421.31198154 400.29375779
 379.58757489 362.12740572]
2023-12-31 21:49:39,121 - DEBUG - After clipping: [255. 255. 255. 255. 255. 255. 255.]
2023-12-31 21:49:39,122 - DEBUG - Mixed Image After Normalaizing: [[254 254 254 ... 254 254 254]
 [254 254 254 ... 254 254 254]
 [254 254 254 ... 254 254 254]
 ...
 [254 254 254 ... 254 254 254]
 [254 254 254 ... 254 254 254]
 [254 254 254 ... 254 254 254]]
2023-12-31 21:49:39,124 - DEBUG - Mag after component 0 equal to: [2.45175330e-11 3.10377192e-11 3.92190488e-11 1.30122459e-11
 1.45464580e-11]
2023-12-31 21:49:39,125 - DEBUG - phase after component 1 using the weight 73 equal to: [-1.73986146e-15  1.97874992e+00 -1.02653961e+00  1.29250197e+00
  2.28152514e+00]
2023-12-31 21:49:39,125 - DEBUG - Mag after component 2 equal to: [2.45175330e-11 3.10377192e-11 3.92190488e-11 1.30122459e-11
 1.45464580e-11]
2023-12-31 21:49:39,125 - DEBUG - Mag after component 3 equal to: [2.45175330e-11 3.10377192e-11 3.92190488e-11 1.30122459e-11
 1.45464580e-11]
2023-12-31 21:49:39,134 - DEBUG - Original image: [222.71124776+4.22821208j 227.24719052+2.32701605j
 230.76044475-0.19869542j 233.05272882-2.77631883j
 234.23148839-4.85038514j 234.65303522-6.03462594j
 234.79576925-6.20719981j]
2023-12-31 21:49:39,134 - DEBUG - Mixed Image before clipping: [440.01391    439.93635619 430.29792084 413.625279   393.52803233
 373.70131408 356.97879257]
2023-12-31 21:49:39,134 - DEBUG - After clipping: [255. 255. 255. 255. 255. 255. 255.]
2023-12-31 21:49:39,135 - DEBUG - Mixed Image After Normalaizing: [[255 255 255 ... 255 255 255]
 [255 255 255 ... 255 255 255]
 [255 255 255 ... 255 255 255]
 ...
 [255 255 255 ... 255 255 255]
 [255 255 255 ... 255 255 255]
 [255 255 255 ... 255 255 255]]
2023-12-31 21:49:39,137 - DEBUG - Mag after component 0 equal to: [2.45175330e-11 3.10377192e-11 3.92190488e-11 1.30122459e-11
 1.45464580e-11]
2023-12-31 21:49:39,138 - DEBUG - phase after component 1 using the weight 77 equal to: [-1.83519633e-15  2.08717458e+00 -1.08278835e+00  1.36332400e+00
  2.40654022e+00]
2023-12-31 21:49:39,138 - DEBUG - Mag after component 2 equal to: [2.45175330e-11 3.10377192e-11 3.92190488e-11 1.30122459e-11
 1.45464580e-11]
2023-12-31 21:49:39,138 - DEBUG - Mag after component 3 equal to: [2.45175330e-11 3.10377192e-11 3.92190488e-11 1.30122459e-11
 1.45464580e-11]
2023-12-31 21:49:39,145 - DEBUG - Original image: [222.71124776+4.22821208j 227.24719052+2.32701605j
 230.76044475-0.19869542j 233.05272882-2.77631883j
 234.23148839-4.85038514j 234.65303522-6.03462594j
 234.79576925-6.20719981j]
2023-12-31 21:49:39,145 - DEBUG - Mixed Image before clipping: [403.34755534 404.11309502 396.73470082 383.29179068 366.81479909
 350.44317572 336.61520881]
2023-12-31 21:49:39,146 - DEBUG - After clipping: [255. 255. 255. 255. 255. 255. 255.]
2023-12-31 21:49:39,147 - DEBUG - Mixed Image After Normalaizing: [[255 255 255 ... 255 255 255]
 [255 255 255 ... 255 255 255]
 [255 255 255 ... 255 255 255]
 ...
 [255 255 255 ... 255 255 255]
 [255 255 255 ... 255 255 255]
 [255 255 255 ... 255 255 255]]
2023-12-31 21:49:39,150 - DEBUG - Mag after component 0 equal to: [2.45175330e-11 3.10377192e-11 3.92190488e-11 1.30122459e-11
 1.45464580e-11]
2023-12-31 21:49:39,150 - DEBUG - phase after component 1 using the weight 78 equal to: [-1.85903005e-15  2.11428074e+00 -1.09685054e+00  1.38102950e+00
  2.43779399e+00]
2023-12-31 21:49:39,150 - DEBUG - Mag after component 2 equal to: [2.45175330e-11 3.10377192e-11 3.92190488e-11 1.30122459e-11
 1.45464580e-11]
2023-12-31 21:49:39,150 - DEBUG - Mag after component 3 equal to: [2.45175330e-11 3.10377192e-11 3.92190488e-11 1.30122459e-11
 1.45464580e-11]
2023-12-31 21:49:39,158 - DEBUG - Original image: [222.71124776+4.22821208j 227.24719052+2.32701605j
 230.76044475-0.19869542j 233.05272882-2.77631883j
 234.23148839-4.85038514j 234.65303522-6.03462594j
 234.79576925-6.20719981j]
2023-12-31 21:49:39,158 - DEBUG - Mixed Image before clipping: [394.34167104 395.31075362 388.48487563 375.83303764 360.24292607
 344.71721995 331.59707443]
2023-12-31 21:49:39,158 - DEBUG - After clipping: [255. 255. 255. 255. 255. 255. 255.]
2023-12-31 21:49:39,159 - DEBUG - Mixed Image After Normalaizing: [[254 254 254 ... 254 254 254]
 [254 254 254 ... 254 254 254]
 [254 254 254 ... 254 254 254]
 ...
 [254 254 254 ... 254 254 254]
 [254 254 254 ... 254 254 254]
 [254 254 254 ... 254 254 254]]
2023-12-31 21:49:39,160 - DEBUG - Mag after component 0 equal to: [2.45175330e-11 3.10377192e-11 3.92190488e-11 1.30122459e-11
 1.45464580e-11]
2023-12-31 21:49:39,161 - DEBUG - phase after component 1 using the weight 87 equal to: [-2.07353352e-15  2.35823621e+00 -1.22341021e+00  1.54037906e+00
  2.71907791e+00]
2023-12-31 21:49:39,161 - DEBUG - Mag after component 2 equal to: [2.45175330e-11 3.10377192e-11 3.92190488e-11 1.30122459e-11
 1.45464580e-11]
2023-12-31 21:49:39,162 - DEBUG - Mag after component 3 equal to: [2.45175330e-11 3.10377192e-11 3.92190488e-11 1.30122459e-11
 1.45464580e-11]
2023-12-31 21:49:39,170 - DEBUG - Original image: [222.71124776+4.22821208j 227.24719052+2.32701605j
 230.76044475-0.19869542j 233.05272882-2.77631883j
 234.23148839-4.85038514j 234.65303522-6.03462594j
 234.79576925-6.20719981j]
2023-12-31 21:49:39,170 - DEBUG - Mixed Image before clipping: [317.18426104 319.83681932 317.70396221 311.79775266 303.77288607
 295.45402095 288.34889574]
2023-12-31 21:49:39,170 - DEBUG - After clipping: [255. 255. 255. 255. 255. 255. 255.]
2023-12-31 21:49:39,171 - DEBUG - Mixed Image After Normalaizing: [[255 255 255 ... 255 255 255]
 [255 255 255 ... 255 255 255]
 [255 255 255 ... 255 255 255]
 ...
 [255 255 255 ... 255 255 255]
 [255 255 255 ... 255 255 255]
 [255 255 255 ... 255 255 255]]
2023-12-31 21:49:39,173 - DEBUG - Mag after component 0 equal to: [2.45175330e-11 3.10377192e-11 3.92190488e-11 1.30122459e-11
 1.45464580e-11]
2023-12-31 21:49:39,173 - DEBUG - phase after component 1 using the weight 100 equal to: [-2.38337186e-15  2.71061633e+00 -1.40621864e+00  1.77055065e+00
  3.12537691e+00]
2023-12-31 21:49:39,173 - DEBUG - Mag after component 2 equal to: [2.45175330e-11 3.10377192e-11 3.92190488e-11 1.30122459e-11
 1.45464580e-11]
2023-12-31 21:49:39,174 - DEBUG - Mag after component 3 equal to: [2.45175330e-11 3.10377192e-11 3.92190488e-11 1.30122459e-11
 1.45464580e-11]
2023-12-31 21:49:39,182 - DEBUG - Original image: [222.71124776+4.22821208j 227.24719052+2.32701605j
 230.76044475-0.19869542j 233.05272882-2.77631883j
 234.23148839-4.85038514j 234.65303522-6.03462594j
 234.79576925-6.20719981j]
2023-12-31 21:49:39,182 - DEBUG - Mixed Image before clipping: [222.71124776 227.24719052 230.76044475 233.05272882 234.23148839
 234.65303522 234.79576925]
2023-12-31 21:49:39,182 - DEBUG - After clipping: [222.71124776 227.24719052 230.76044475 233.05272882 234.23148839
 234.65303522 234.79576925]
2023-12-31 21:49:39,183 - DEBUG - Mixed Image After Normalaizing: [[220 225 229 ... 205 210 215]
 [224 230 234 ... 206 211 217]
 [227 233 239 ... 207 212 219]
 ...
 [209 210 211 ... 204 206 208]
 [212 215 217 ... 204 207 210]
 [216 219 222 ... 204 208 212]]
2023-12-31 21:49:42,779 - DEBUG - Mag after component 0 equal to: [2.40271823e-11 3.04169649e-11 3.84346679e-11 1.27520010e-11
 1.42555288e-11]
2023-12-31 21:49:42,780 - DEBUG - phase after component 1 using the weight 100 equal to: [-2.38337186e-15  2.71061633e+00 -1.40621864e+00  1.77055065e+00
  3.12537691e+00]
2023-12-31 21:49:42,780 - DEBUG - Mag after component 2 equal to: [2.40271823e-11 3.04169649e-11 3.84346679e-11 1.27520010e-11
 1.42555288e-11]
2023-12-31 21:49:42,780 - DEBUG - Mag after component 3 equal to: [2.40271823e-11 3.04169649e-11 3.84346679e-11 1.27520010e-11
 1.42555288e-11]
2023-12-31 21:49:42,788 - DEBUG - Original image: [222.71124776+4.22821208j 227.24719052+2.32701605j
 230.76044475-0.19869542j 233.05272882-2.77631883j
 234.23148839-4.85038514j 234.65303522-6.03462594j
 234.79576925-6.20719981j]
2023-12-31 21:49:42,789 - DEBUG - Mixed Image before clipping: [218.2570228  222.70224671 226.14523585 228.39167425 229.54685863
 229.95997452 230.09985386]
2023-12-31 21:49:42,789 - DEBUG - After clipping: [218.2570228  222.70224671 226.14523585 228.39167425 229.54685863
 229.95997452 230.09985386]
2023-12-31 21:49:42,790 - DEBUG - Mixed Image After Normalaizing: [[216 220 224 ... 201 205 210]
 [219 225 229 ... 202 207 212]
 [222 228 234 ... 202 207 215]
 ...
 [204 206 207 ... 200 201 203]
 [208 210 212 ... 200 202 205]
 [211 214 217 ... 200 203 207]]
2023-12-31 21:49:42,792 - DEBUG - Mag after component 0 equal to: [2.35368316e-11 2.97962105e-11 3.76502869e-11 1.24917561e-11
 1.39645996e-11]
2023-12-31 21:49:42,792 - DEBUG - phase after component 1 using the weight 100 equal to: [-2.38337186e-15  2.71061633e+00 -1.40621864e+00  1.77055065e+00
  3.12537691e+00]
2023-12-31 21:49:42,792 - DEBUG - Mag after component 2 equal to: [2.35368316e-11 2.97962105e-11 3.76502869e-11 1.24917561e-11
 1.39645996e-11]
2023-12-31 21:49:42,792 - DEBUG - Mag after component 3 equal to: [2.35368316e-11 2.97962105e-11 3.76502869e-11 1.24917561e-11
 1.39645996e-11]
2023-12-31 21:49:42,800 - DEBUG - Original image: [222.71124776+4.22821208j 227.24719052+2.32701605j
 230.76044475-0.19869542j 233.05272882-2.77631883j
 234.23148839-4.85038514j 234.65303522-6.03462594j
 234.79576925-6.20719981j]
2023-12-31 21:49:42,800 - DEBUG - Mixed Image before clipping: [213.80279785 218.1573029  221.53002696 223.73061967 224.86222886
 225.26691382 225.40393848]
2023-12-31 21:49:42,801 - DEBUG - After clipping: [213.80279785 218.1573029  221.53002696 223.73061967 224.86222886
 225.26691382 225.40393848]
2023-12-31 21:49:42,801 - DEBUG - Mixed Image After Normalaizing: [[214 218 222 ... 199 203 208]
 [217 223 227 ... 200 205 210]
 [220 226 231 ... 200 205 213]
 ...
 [203 204 205 ... 198 199 201]
 [206 208 210 ... 198 200 203]
 [209 212 215 ... 198 201 205]]
2023-12-31 21:49:42,803 - DEBUG - Mag after component 0 equal to: [1.98592017e-11 2.51405526e-11 3.17674296e-11 1.05399192e-11
 1.17826309e-11]
2023-12-31 21:49:42,803 - DEBUG - phase after component 1 using the weight 100 equal to: [-2.38337186e-15  2.71061633e+00 -1.40621864e+00  1.77055065e+00
  3.12537691e+00]
2023-12-31 21:49:42,804 - DEBUG - Mag after component 2 equal to: [1.98592017e-11 2.51405526e-11 3.17674296e-11 1.05399192e-11
 1.17826309e-11]
2023-12-31 21:49:42,804 - DEBUG - Mag after component 3 equal to: [1.98592017e-11 2.51405526e-11 3.17674296e-11 1.05399192e-11
 1.17826309e-11]
2023-12-31 21:49:42,812 - DEBUG - Original image: [222.71124776+4.22821208j 227.24719052+2.32701605j
 230.76044475-0.19869542j 233.05272882-2.77631883j
 234.23148839-4.85038514j 234.65303522-6.03462594j
 234.79576925-6.20719981j]
2023-12-31 21:49:42,812 - DEBUG - Mixed Image before clipping: [180.39611068 184.07022432 186.91596024 188.77271035 189.7275056
 190.06895853 190.18457309]
2023-12-31 21:49:42,812 - DEBUG - After clipping: [180.39611068 184.07022432 186.91596024 188.77271035 189.7275056
 190.06895853 190.18457309]
2023-12-31 21:49:42,813 - DEBUG - Mixed Image After Normalaizing: [[214 218 222 ... 199 203 208]
 [217 223 227 ... 200 205 210]
 [220 226 231 ... 200 205 213]
 ...
 [203 204 205 ... 198 199 201]
 [206 208 210 ... 198 200 203]
 [209 212 215 ... 198 201 205]]
2023-12-31 21:49:42,816 - DEBUG - Mag after component 0 equal to: [1.42201691e-11 1.80018772e-11 2.27470483e-11 7.54710264e-12
 8.43694561e-12]
2023-12-31 21:49:42,816 - DEBUG - phase after component 1 using the weight 100 equal to: [-2.38337186e-15  2.71061633e+00 -1.40621864e+00  1.77055065e+00
  3.12537691e+00]
2023-12-31 21:49:42,816 - DEBUG - Mag after component 2 equal to: [1.42201691e-11 1.80018772e-11 2.27470483e-11 7.54710264e-12
 8.43694561e-12]
2023-12-31 21:49:42,816 - DEBUG - Mag after component 3 equal to: [1.42201691e-11 1.80018772e-11 2.27470483e-11 7.54710264e-12
 8.43694561e-12]
2023-12-31 21:49:42,823 - DEBUG - Original image: [222.71124776+4.22821208j 227.24719052+2.32701605j
 230.76044475-0.19869542j 233.05272882-2.77631883j
 234.23148839-4.85038514j 234.65303522-6.03462594j
 234.79576925-6.20719981j]
2023-12-31 21:49:42,824 - DEBUG - Mixed Image before clipping: [129.1725237  131.8033705  133.84105795 135.17058272 135.85426327
 136.09876043 136.18154616]
2023-12-31 21:49:42,824 - DEBUG - After clipping: [129.1725237  131.8033705  133.84105795 135.17058272 135.85426327
 136.09876043 136.18154616]
2023-12-31 21:49:42,825 - DEBUG - Mixed Image After Normalaizing: [[214 218 222 ... 199 203 208]
 [217 223 227 ... 200 205 210]
 [220 226 231 ... 200 205 213]
 ...
 [203 204 205 ... 198 199 201]
 [206 208 210 ... 198 200 203]
 [209 212 215 ... 198 201 205]]
2023-12-31 21:49:42,827 - DEBUG - Mag after component 0 equal to: [1.25039418e-11 1.58292368e-11 2.00017149e-11 6.63624542e-12
 7.41869356e-12]
2023-12-31 21:49:42,827 - DEBUG - phase after component 1 using the weight 100 equal to: [-2.38337186e-15  2.71061633e+00 -1.40621864e+00  1.77055065e+00
  3.12537691e+00]
2023-12-31 21:49:42,827 - DEBUG - Mag after component 2 equal to: [1.25039418e-11 1.58292368e-11 2.00017149e-11 6.63624542e-12
 7.41869356e-12]
2023-12-31 21:49:42,828 - DEBUG - Mag after component 3 equal to: [1.25039418e-11 1.58292368e-11 2.00017149e-11 6.63624542e-12
 7.41869356e-12]
2023-12-31 21:49:42,836 - DEBUG - Original image: [222.71124776+4.22821208j 227.24719052+2.32701605j
 230.76044475-0.19869542j 233.05272882-2.77631883j
 234.23148839-4.85038514j 234.65303522-6.03462594j
 234.79576925-6.20719981j]
2023-12-31 21:49:42,836 - DEBUG - Mixed Image before clipping: [113.58273636 115.89606717 117.68782682 118.8568917  119.45805908
 119.67304796 119.74584232]
2023-12-31 21:49:42,836 - DEBUG - After clipping: [113.58273636 115.89606717 117.68782682 118.8568917  119.45805908
 119.67304796 119.74584232]
2023-12-31 21:49:42,837 - DEBUG - Mixed Image After Normalaizing: [[214 218 222 ... 199 203 208]
 [217 223 227 ... 200 205 210]
 [220 226 231 ... 200 205 213]
 ...
 [203 204 205 ... 198 199 201]
 [206 208 210 ... 198 200 203]
 [209 212 215 ... 198 201 205]]
2023-12-31 21:49:42,839 - DEBUG - Mag after component 0 equal to: [9.31666253e-12 1.17943333e-11 1.49032386e-11 4.94465345e-12
 5.52765402e-12]
2023-12-31 21:49:42,839 - DEBUG - phase after component 1 using the weight 100 equal to: [-2.38337186e-15  2.71061633e+00 -1.40621864e+00  1.77055065e+00
  3.12537691e+00]
2023-12-31 21:49:42,840 - DEBUG - Mag after component 2 equal to: [9.31666253e-12 1.17943333e-11 1.49032386e-11 4.94465345e-12
 5.52765402e-12]
2023-12-31 21:49:42,840 - DEBUG - Mag after component 3 equal to: [9.31666253e-12 1.17943333e-11 1.49032386e-11 4.94465345e-12
 5.52765402e-12]
2023-12-31 21:49:42,847 - DEBUG - Original image: [222.71124776+4.22821208j 227.24719052+2.32701605j
 230.76044475-0.19869542j 233.05272882-2.77631883j
 234.23148839-4.85038514j 234.65303522-6.03462594j
 234.79576925-6.20719981j]
2023-12-31 21:49:42,847 - DEBUG - Mixed Image before clipping: [84.63027415 86.3539324  87.688969   88.56003695 89.00796559 89.16815339
 89.22239231]
2023-12-31 21:49:42,847 - DEBUG - After clipping: [84.63027415 86.3539324  87.688969   88.56003695 89.00796559 89.16815339
 89.22239231]
2023-12-31 21:49:42,849 - DEBUG - Mixed Image After Normalaizing: [[214 218 222 ... 199 203 208]
 [217 223 227 ... 200 205 210]
 [220 226 231 ... 200 205 213]
 ...
 [203 204 205 ... 198 199 201]
 [206 208 210 ... 198 200 203]
 [209 212 215 ... 198 201 205]]
2023-12-31 21:49:42,850 - DEBUG - Mag after component 0 equal to: [7.35525989e-12 9.31131577e-12 1.17657147e-11 3.90367378e-12
 4.36393739e-12]
2023-12-31 21:49:42,850 - DEBUG - phase after component 1 using the weight 100 equal to: [-2.38337186e-15  2.71061633e+00 -1.40621864e+00  1.77055065e+00
  3.12537691e+00]
2023-12-31 21:49:42,852 - DEBUG - Mag after component 2 equal to: [7.35525989e-12 9.31131577e-12 1.17657147e-11 3.90367378e-12
 4.36393739e-12]
2023-12-31 21:49:42,852 - DEBUG - Mag after component 3 equal to: [7.35525989e-12 9.31131577e-12 1.17657147e-11 3.90367378e-12
 4.36393739e-12]
2023-12-31 21:49:42,862 - DEBUG - Original image: [222.71124776+4.22821208j 227.24719052+2.32701605j
 230.76044475-0.19869542j 233.05272882-2.77631883j
 234.23148839-4.85038514j 234.65303522-6.03462594j
 234.79576925-6.20719981j]
2023-12-31 21:49:42,862 - DEBUG - Mixed Image before clipping: [66.81337433 68.17415716 69.22813342 69.91581865 70.26944652 70.39591057
 70.43873077]
2023-12-31 21:49:42,862 - DEBUG - After clipping: [66.81337433 68.17415716 69.22813342 69.91581865 70.26944652 70.39591057
 70.43873077]
2023-12-31 21:49:42,863 - DEBUG - Mixed Image After Normalaizing: [[214 218 222 ... 199 203 208]
 [217 223 227 ... 200 205 210]
 [220 226 231 ... 200 205 213]
 ...
 [203 204 205 ... 198 199 201]
 [206 208 210 ... 198 200 203]
 [209 212 215 ... 198 201 205]]
2023-12-31 21:49:42,868 - DEBUG - Mag after component 0 equal to: [6.12938324e-12 7.75942981e-12 9.80476221e-12 3.25306148e-12
 3.63661449e-12]
2023-12-31 21:49:42,868 - DEBUG - phase after component 1 using the weight 100 equal to: [-2.38337186e-15  2.71061633e+00 -1.40621864e+00  1.77055065e+00
  3.12537691e+00]
2023-12-31 21:49:42,868 - DEBUG - Mag after component 2 equal to: [6.12938324e-12 7.75942981e-12 9.80476221e-12 3.25306148e-12
 3.63661449e-12]
2023-12-31 21:49:42,869 - DEBUG - Mag after component 3 equal to: [6.12938324e-12 7.75942981e-12 9.80476221e-12 3.25306148e-12
 3.63661449e-12]
2023-12-31 21:49:42,876 - DEBUG - Original image: [222.71124776+4.22821208j 227.24719052+2.32701605j
 230.76044475-0.19869542j 233.05272882-2.77631883j
 234.23148839-4.85038514j 234.65303522-6.03462594j
 234.79576925-6.20719981j]
2023-12-31 21:49:42,877 - DEBUG - Mixed Image before clipping: [55.67781194 56.81179763 57.69011119 58.26318221 58.5578721  58.66325881
 58.69894231]
2023-12-31 21:49:42,877 - DEBUG - After clipping: [55.67781194 56.81179763 57.69011119 58.26318221 58.5578721  58.66325881
 58.69894231]
2023-12-31 21:49:42,878 - DEBUG - Mixed Image After Normalaizing: [[214 218 222 ... 199 203 208]
 [217 223 227 ... 200 205 210]
 [220 226 231 ... 200 205 213]
 ...
 [203 204 205 ... 198 199 201]
 [206 208 210 ... 198 200 203]
 [209 212 215 ... 198 201 205]]
2023-12-31 21:49:42,880 - DEBUG - Mag after component 0 equal to: [4.16798060e-12 5.27641227e-12 6.66723830e-12 2.21208181e-12
 2.47289785e-12]
2023-12-31 21:49:42,880 - DEBUG - phase after component 1 using the weight 100 equal to: [-2.38337186e-15  2.71061633e+00 -1.40621864e+00  1.77055065e+00
  3.12537691e+00]
2023-12-31 21:49:42,880 - DEBUG - Mag after component 2 equal to: [4.16798060e-12 5.27641227e-12 6.66723830e-12 2.21208181e-12
 2.47289785e-12]
2023-12-31 21:49:42,881 - DEBUG - Mag after component 3 equal to: [4.16798060e-12 5.27641227e-12 6.66723830e-12 2.21208181e-12
 2.47289785e-12]
2023-12-31 21:49:42,889 - DEBUG - Original image: [222.71124776+4.22821208j 227.24719052+2.32701605j
 230.76044475-0.19869542j 233.05272882-2.77631883j
 234.23148839-4.85038514j 234.65303522-6.03462594j
 234.79576925-6.20719981j]
2023-12-31 21:49:42,889 - DEBUG - Mixed Image before clipping: [37.86091212 38.63202239 39.22927561 39.6189639  39.81935303 39.89101599
 39.91528077]
2023-12-31 21:49:42,889 - DEBUG - After clipping: [37.86091212 38.63202239 39.22927561 39.6189639  39.81935303 39.89101599
 39.91528077]
2023-12-31 21:49:42,890 - DEBUG - Mixed Image After Normalaizing: [[214 218 222 ... 199 203 208]
 [217 223 227 ... 200 205 210]
 [220 226 231 ... 200 205 213]
 ...
 [203 204 205 ... 198 199 201]
 [206 208 210 ... 198 200 203]
 [209 212 215 ... 198 201 205]]
2023-12-31 21:49:42,892 - DEBUG - Mag after component 0 equal to: [2.45175330e-12 3.10377192e-12 3.92190488e-12 1.30122459e-12
 1.45464580e-12]
2023-12-31 21:49:42,893 - DEBUG - phase after component 1 using the weight 100 equal to: [-2.38337186e-15  2.71061633e+00 -1.40621864e+00  1.77055065e+00
  3.12537691e+00]
2023-12-31 21:49:42,893 - DEBUG - Mag after component 2 equal to: [2.45175330e-12 3.10377192e-12 3.92190488e-12 1.30122459e-12
 1.45464580e-12]
2023-12-31 21:49:42,893 - DEBUG - Mag after component 3 equal to: [2.45175330e-12 3.10377192e-12 3.92190488e-12 1.30122459e-12
 1.45464580e-12]
2023-12-31 21:49:42,901 - DEBUG - Original image: [222.71124776+4.22821208j 227.24719052+2.32701605j
 230.76044475-0.19869542j 233.05272882-2.77631883j
 234.23148839-4.85038514j 234.65303522-6.03462594j
 234.79576925-6.20719981j]
2023-12-31 21:49:42,901 - DEBUG - Mixed Image before clipping: [22.27112478 22.72471905 23.07604447 23.30527288 23.42314884 23.46530352
 23.47957692]
2023-12-31 21:49:42,901 - DEBUG - After clipping: [22.27112478 22.72471905 23.07604447 23.30527288 23.42314884 23.46530352
 23.47957692]
2023-12-31 21:49:42,902 - DEBUG - Mixed Image After Normalaizing: [[214 218 222 ... 199 203 208]
 [217 223 227 ... 200 205 210]
 [220 226 231 ... 200 205 213]
 ...
 [203 204 205 ... 198 199 201]
 [206 208 210 ... 198 200 203]
 [209 212 215 ... 198 201 205]]
2023-12-31 21:49:42,904 - DEBUG - Mag after component 0 equal to: [1.22587665e-12 1.55188596e-12 1.96095244e-12 6.50612296e-13
 7.27322898e-13]
2023-12-31 21:49:42,904 - DEBUG - phase after component 1 using the weight 100 equal to: [-2.38337186e-15  2.71061633e+00 -1.40621864e+00  1.77055065e+00
  3.12537691e+00]
2023-12-31 21:49:42,905 - DEBUG - Mag after component 2 equal to: [1.22587665e-12 1.55188596e-12 1.96095244e-12 6.50612296e-13
 7.27322898e-13]
2023-12-31 21:49:42,905 - DEBUG - Mag after component 3 equal to: [1.22587665e-12 1.55188596e-12 1.96095244e-12 6.50612296e-13
 7.27322898e-13]
2023-12-31 21:49:42,912 - DEBUG - Original image: [222.71124776+4.22821208j 227.24719052+2.32701605j
 230.76044475-0.19869542j 233.05272882-2.77631883j
 234.23148839-4.85038514j 234.65303522-6.03462594j
 234.79576925-6.20719981j]
2023-12-31 21:49:42,912 - DEBUG - Mixed Image before clipping: [11.13556239 11.36235953 11.53802224 11.65263644 11.71157442 11.73265176
 11.73978846]
2023-12-31 21:49:42,913 - DEBUG - After clipping: [11.13556239 11.36235953 11.53802224 11.65263644 11.71157442 11.73265176
 11.73978846]
2023-12-31 21:49:42,914 - DEBUG - Mixed Image After Normalaizing: [[214 218 222 ... 199 203 208]
 [217 223 227 ... 200 205 210]
 [220 226 231 ... 200 205 213]
 ...
 [203 204 205 ... 198 199 201]
 [206 208 210 ... 198 200 203]
 [209 212 215 ... 198 201 205]]
2023-12-31 21:49:42,916 - DEBUG - Mag after component 0 equal to: [0. 0. 0. 0. 0.]
2023-12-31 21:49:42,916 - DEBUG - phase after component 1 using the weight 100 equal to: [-2.38337186e-15  2.71061633e+00 -1.40621864e+00  1.77055065e+00
  3.12537691e+00]
2023-12-31 21:49:42,916 - DEBUG - Mag after component 2 equal to: [0. 0. 0. 0. 0.]
2023-12-31 21:49:42,917 - DEBUG - Mag after component 3 equal to: [0. 0. 0. 0. 0.]
2023-12-31 21:49:42,924 - DEBUG - Original image: [222.71124776+4.22821208j 227.24719052+2.32701605j
 230.76044475-0.19869542j 233.05272882-2.77631883j
 234.23148839-4.85038514j 234.65303522-6.03462594j
 234.79576925-6.20719981j]
2023-12-31 21:49:42,924 - DEBUG - Mixed Image before clipping: [0. 0. 0. 0. 0. 0. 0.]
2023-12-31 21:49:42,924 - DEBUG - After clipping: [0. 0. 0. 0. 0. 0. 0.]
2023-12-31 21:49:42,925 - DEBUG - Mixed Image After Normalaizing: [[0 0 0 ... 0 0 0]
 [0 0 0 ... 0 0 0]
 [0 0 0 ... 0 0 0]
 ...
 [0 0 0 ... 0 0 0]
 [0 0 0 ... 0 0 0]
 [0 0 0 ... 0 0 0]]
2023-12-31 21:49:44,492 - DEBUG - Mag after component 0 equal to: [0. 0. 0. 0. 0.]
2023-12-31 21:49:44,493 - DEBUG - phase after component 1 using the weight 100 equal to: [-2.38337186e-15  2.71061633e+00 -1.40621864e+00  1.77055065e+00
  3.12537691e+00]
2023-12-31 21:49:44,493 - DEBUG - Mag after component 2 equal to: [14.31       27.26229497 32.01698457 35.94259628 34.51253372]
2023-12-31 21:49:44,493 - DEBUG - Mag after component 3 equal to: [14.31       27.26229497 32.01698457 35.94259628 34.51253372]
2023-12-31 21:49:44,501 - DEBUG - Original image: [222.71124776+4.22821208j 227.24719052+2.32701605j
 230.76044475-0.19869542j 233.05272882-2.77631883j
 234.23148839-4.85038514j 234.65303522-6.03462594j
 234.79576925-6.20719981j]
2023-12-31 21:49:44,501 - DEBUG - Mixed Image before clipping: [7.65 7.65 7.65 7.65 7.65 7.65 7.65]
2023-12-31 21:49:44,501 - DEBUG - After clipping: [7.65 7.65 7.65 7.65 7.65 7.65 7.65]
2023-12-31 21:49:44,502 - DEBUG - Mixed Image After Normalaizing: [[254 254 254 ... 201 200 200]
 [254 254 254 ... 201 201 201]
 [254 254 254 ... 200 201 201]
 ...
 [218 207 213 ... 203 204 206]
 [218 200 202 ... 202 204 205]
 [206 207 211 ... 201 204 203]]
2023-12-31 21:49:44,505 - DEBUG - Mag after component 0 equal to: [0. 0. 0. 0. 0.]
2023-12-31 21:49:44,505 - DEBUG - phase after component 1 using the weight 100 equal to: [-2.38337186e-15  2.71061633e+00 -1.40621864e+00  1.77055065e+00
  3.12537691e+00]
2023-12-31 21:49:44,505 - DEBUG - Mag after component 2 equal to: [ 47.7         90.87431657 106.72328189 119.80865426 115.04177908]
2023-12-31 21:49:44,507 - DEBUG - Mag after component 3 equal to: [ 47.7         90.87431657 106.72328189 119.80865426 115.04177908]
2023-12-31 21:49:44,513 - DEBUG - Original image: [222.71124776+4.22821208j 227.24719052+2.32701605j
 230.76044475-0.19869542j 233.05272882-2.77631883j
 234.23148839-4.85038514j 234.65303522-6.03462594j
 234.79576925-6.20719981j]
2023-12-31 21:49:44,514 - DEBUG - Mixed Image before clipping: [25.5 25.5 25.5 25.5 25.5 25.5 25.5]
2023-12-31 21:49:44,514 - DEBUG - After clipping: [25.5 25.5 25.5 25.5 25.5 25.5 25.5]
2023-12-31 21:49:44,515 - DEBUG - Mixed Image After Normalaizing: [[254 254 254 ... 201 200 200]
 [254 254 254 ... 201 201 201]
 [254 254 254 ... 200 201 201]
 ...
 [218 207 213 ... 203 204 206]
 [218 200 202 ... 202 204 205]
 [206 207 211 ... 201 204 203]]
2023-12-31 21:49:44,517 - DEBUG - Mag after component 0 equal to: [0. 0. 0. 0. 0.]
2023-12-31 21:49:44,518 - DEBUG - phase after component 1 using the weight 100 equal to: [-2.38337186e-15  2.71061633e+00 -1.40621864e+00  1.77055065e+00
  3.12537691e+00]
2023-12-31 21:49:44,518 - DEBUG - Mag after component 2 equal to: [190.8        363.49726626 426.89312757 479.23461703 460.16711632]
2023-12-31 21:49:44,519 - DEBUG - Mag after component 3 equal to: [190.8        363.49726626 426.89312757 479.23461703 460.16711632]
2023-12-31 21:49:44,526 - DEBUG - Original image: [222.71124776+4.22821208j 227.24719052+2.32701605j
 230.76044475-0.19869542j 233.05272882-2.77631883j
 234.23148839-4.85038514j 234.65303522-6.03462594j
 234.79576925-6.20719981j]
2023-12-31 21:49:44,526 - DEBUG - Mixed Image before clipping: [102. 102. 102. 102. 102. 102. 102.]
2023-12-31 21:49:44,526 - DEBUG - After clipping: [102. 102. 102. 102. 102. 102. 102.]
2023-12-31 21:49:44,528 - DEBUG - Mixed Image After Normalaizing: [[254 254 254 ... 201 200 200]
 [254 254 254 ... 201 201 201]
 [254 254 254 ... 200 201 201]
 ...
 [218 207 213 ... 203 204 206]
 [218 200 202 ... 202 204 205]
 [206 207 211 ... 201 204 203]]
2023-12-31 21:49:44,532 - DEBUG - Mag after component 0 equal to: [0. 0. 0. 0. 0.]
2023-12-31 21:49:44,532 - DEBUG - phase after component 1 using the weight 100 equal to: [-2.38337186e-15  2.71061633e+00 -1.40621864e+00  1.77055065e+00
  3.12537691e+00]
2023-12-31 21:49:44,533 - DEBUG - Mag after component 2 equal to: [314.82       599.77048933 704.37366048 790.7371181  759.27574192]
2023-12-31 21:49:44,533 - DEBUG - Mag after component 3 equal to: [314.82       599.77048933 704.37366048 790.7371181  759.27574192]
2023-12-31 21:49:44,544 - DEBUG - Original image: [222.71124776+4.22821208j 227.24719052+2.32701605j
 230.76044475-0.19869542j 233.05272882-2.77631883j
 234.23148839-4.85038514j 234.65303522-6.03462594j
 234.79576925-6.20719981j]
2023-12-31 21:49:44,545 - DEBUG - Mixed Image before clipping: [168.3 168.3 168.3 168.3 168.3 168.3 168.3]
2023-12-31 21:49:44,546 - DEBUG - After clipping: [168.3 168.3 168.3 168.3 168.3 168.3 168.3]
2023-12-31 21:49:44,547 - DEBUG - Mixed Image After Normalaizing: [[254 254 254 ... 201 200 200]
 [254 254 254 ... 201 201 201]
 [254 254 254 ... 200 201 202]
 ...
 [218 207 213 ... 203 204 206]
 [218 200 202 ... 202 204 205]
 [206 207 211 ... 201 204 203]]
2023-12-31 21:49:44,549 - DEBUG - Mag after component 0 equal to: [0. 0. 0. 0. 0.]
2023-12-31 21:49:44,549 - DEBUG - phase after component 1 using the weight 100 equal to: [-2.38337186e-15  2.71061633e+00 -1.40621864e+00  1.77055065e+00
  3.12537691e+00]
2023-12-31 21:49:44,549 - DEBUG - Mag after component 2 equal to: [ 405.45        772.43169081  907.14789608 1018.37356119  977.85512217]
2023-12-31 21:49:44,550 - DEBUG - Mag after component 3 equal to: [ 405.45        772.43169081  907.14789608 1018.37356119  977.85512217]
2023-12-31 21:49:44,559 - DEBUG - Original image: [222.71124776+4.22821208j 227.24719052+2.32701605j
 230.76044475-0.19869542j 233.05272882-2.77631883j
 234.23148839-4.85038514j 234.65303522-6.03462594j
 234.79576925-6.20719981j]
2023-12-31 21:49:44,559 - DEBUG - Mixed Image before clipping: [216.75 216.75 216.75 216.75 216.75 216.75 216.75]
2023-12-31 21:49:44,559 - DEBUG - After clipping: [216.75 216.75 216.75 216.75 216.75 216.75 216.75]
2023-12-31 21:49:44,560 - DEBUG - Mixed Image After Normalaizing: [[254 254 254 ... 202 200 200]
 [254 254 254 ... 202 201 201]
 [254 254 254 ... 201 201 201]
 ...
 [218 207 213 ... 203 204 206]
 [218 200 202 ... 202 204 205]
 [207 207 211 ... 202 204 203]]
2023-12-31 21:49:44,562 - DEBUG - Mag after component 0 equal to: [0. 0. 0. 0. 0.]
2023-12-31 21:49:44,563 - DEBUG - phase after component 1 using the weight 100 equal to: [-2.38337186e-15  2.71061633e+00 -1.40621864e+00  1.77055065e+00
  3.12537691e+00]
2023-12-31 21:49:44,563 - DEBUG - Mag after component 2 equal to: [ 438.84        836.0437124   981.8541934  1102.23961917 1058.38436753]
2023-12-31 21:49:44,563 - DEBUG - Mag after component 3 equal to: [ 438.84        836.0437124   981.8541934  1102.23961917 1058.38436753]
2023-12-31 21:49:44,571 - DEBUG - Original image: [222.71124776+4.22821208j 227.24719052+2.32701605j
 230.76044475-0.19869542j 233.05272882-2.77631883j
 234.23148839-4.85038514j 234.65303522-6.03462594j
 234.79576925-6.20719981j]
2023-12-31 21:49:44,571 - DEBUG - Mixed Image before clipping: [234.6 234.6 234.6 234.6 234.6 234.6 234.6]
2023-12-31 21:49:44,571 - DEBUG - After clipping: [234.6 234.6 234.6 234.6 234.6 234.6 234.6]
2023-12-31 21:49:44,572 - DEBUG - Mixed Image After Normalaizing: [[254 254 254 ... 201 200 200]
 [254 254 254 ... 201 201 201]
 [254 254 254 ... 200 201 201]
 ...
 [218 207 213 ... 203 204 206]
 [218 200 202 ... 202 204 205]
 [206 207 211 ... 201 204 203]]
2023-12-31 21:49:44,574 - DEBUG - Mag after component 0 equal to: [0. 0. 0. 0. 0.]
2023-12-31 21:49:44,575 - DEBUG - phase after component 1 using the weight 100 equal to: [-2.38337186e-15  2.71061633e+00 -1.40621864e+00  1.77055065e+00
  3.12537691e+00]
2023-12-31 21:49:44,575 - DEBUG - Mag after component 2 equal to: [ 477.          908.74316565 1067.23281891 1198.08654258 1150.41779079]
2023-12-31 21:49:44,575 - DEBUG - Mag after component 3 equal to: [ 477.          908.74316565 1067.23281891 1198.08654258 1150.41779079]
2023-12-31 21:49:44,582 - DEBUG - Original image: [222.71124776+4.22821208j 227.24719052+2.32701605j
 230.76044475-0.19869542j 233.05272882-2.77631883j
 234.23148839-4.85038514j 234.65303522-6.03462594j
 234.79576925-6.20719981j]
2023-12-31 21:49:44,582 - DEBUG - Mixed Image before clipping: [255. 255. 255. 255. 255. 255. 255.]
2023-12-31 21:49:44,583 - DEBUG - After clipping: [255. 255. 255. 255. 255. 255. 255.]
2023-12-31 21:49:44,584 - DEBUG - Mixed Image After Normalaizing: [[255 255 255 ... 202 201 201]
 [255 255 255 ... 202 202 202]
 [255 255 255 ... 201 202 202]
 ...
 [219 208 215 ... 204 204 207]
 [219 200 203 ... 203 204 206]
 [207 207 212 ... 202 205 204]]
